2024-10-01 08:48:23 GUI [DEBUG] THEME: null
2024-10-01 08:51:13 Settings [DEBUG] Locale: en
2024-10-01 08:51:13 Settings [DEBUG] Locale: en
2024-10-01 08:51:13 Settings [DEBUG] Locale: en
2024-10-01 08:51:13 Settings [DEBUG] Locale: en
2024-10-01 08:51:13 Settings [DEBUG] Locale: en
2024-10-01 08:51:13 Settings [DEBUG] Locale: en
2024-10-01 08:51:13 Settings [DEBUG] Locale: en
2024-10-01 08:51:13 Settings [DEBUG] Locale: en
2024-10-01 08:51:13 Settings [DEBUG] Locale: en
2024-10-01 08:51:13 Settings [DEBUG] Locale: en
2024-10-01 08:51:13 Settings [DEBUG] Locale: en
2024-10-01 08:51:13 Settings [DEBUG] Locale: en
2024-10-01 08:51:13 Settings [DEBUG] Locale: en
2024-10-01 08:51:13 Settings [DEBUG] Locale: en
2024-10-01 08:51:13 Settings [DEBUG] Locale: en
2024-10-01 08:51:13 Settings [DEBUG] Locale: en
2024-10-01 08:51:13 Settings [DEBUG] Locale: en
2024-10-01 08:51:13 Settings [DEBUG] Locale: en
2024-10-01 08:51:13 Settings [DEBUG] Locale: en
2024-10-01 08:51:13 Settings [DEBUG] Locale: en
2024-10-01 08:51:13 Settings [DEBUG] Locale: en
2024-10-01 08:51:13 Settings [DEBUG] Locale: en
2024-10-01 08:51:13 Settings [DEBUG] Locale: en
2024-10-01 08:51:13 Settings [DEBUG] Locale: en
2024-10-01 08:51:42 Settings [DEBUG] Locale: en
2024-10-01 08:51:42 Settings [DEBUG] Locale: en
2024-10-01 08:51:42 Settings [DEBUG] Locale: en
2024-10-01 08:51:42 Settings [DEBUG] Locale: en
2024-10-01 08:51:42 Settings [DEBUG] Locale: en
2024-10-01 08:51:42 GUI [DEBUG] THEME: null
2024-10-01 08:51:42 GUI [DEBUG] THEME: null
2024-10-01 08:51:42 GUI [DEBUG] THEME: null
2024-10-01 08:51:42 GUI [DEBUG] THEME: null
2024-10-01 08:51:42 GUI [DEBUG] THEME: null
2024-10-01 08:51:42 GUI [DEBUG] THEME: null
2024-10-01 08:51:42 GUI [DEBUG] THEME: null
2024-10-01 08:51:42 GUI [DEBUG] THEME: null
2024-10-01 08:51:42 GUI [DEBUG] THEME: null
2024-10-01 08:51:42 GUI [DEBUG] THEME: null
2024-10-01 08:51:42 GUI [DEBUG] THEME: null
2024-10-01 08:51:42 GUI [DEBUG] THEME: null
2024-10-01 08:51:42 GUI [DEBUG] THEME: null
2024-10-01 08:51:42 GUI [DEBUG] THEME: null
2024-10-01 08:51:42 GUI [DEBUG] THEME: null
2024-10-01 08:51:42 GUI [DEBUG] THEME: null
2024-10-01 08:51:42 GUI [DEBUG] THEME: null
2024-10-01 08:51:42 GUI [DEBUG] THEME: null
2024-10-01 08:51:42 GUI [DEBUG] THEME: null
2024-10-01 08:51:42 GUI [DEBUG] THEME: null
2024-10-01 08:51:42 GUI [DEBUG] THEME: null
2024-10-01 08:51:42 GUI [DEBUG] THEME: null
2024-10-01 08:51:42 GUI [DEBUG] THEME: null
2024-10-01 08:51:42 GUI [DEBUG] THEME: null
2024-10-01 08:51:42 GUI [DEBUG] THEME: null
2024-10-01 08:51:42 GUI [DEBUG] THEME: null
2024-10-01 08:51:42 GUI [DEBUG] THEME: null
2024-10-01 08:51:42 GUI [DEBUG] THEME: null
2024-10-01 08:51:42 GUI [DEBUG] THEME: null
2024-10-01 08:51:42 GUI [DEBUG] THEME: null
2024-10-01 08:51:42 GUI [DEBUG] THEME: null
2024-10-01 08:51:42 GUI [DEBUG] THEME: null
2024-10-01 08:51:42 GUI [DEBUG] THEME: null
2024-10-01 08:51:43 GUI [DEBUG] THEME: null
2024-10-01 08:51:43 GUI [DEBUG] THEME: null
2024-10-01 08:51:43 GUI [DEBUG] THEME: null
2024-10-01 08:51:43 GUI [DEBUG] THEME: null
2024-10-01 08:51:43 GUI [DEBUG] THEME: null
2024-10-01 08:51:43 GUI [DEBUG] THEME: null
2024-10-01 08:51:43 GUI [DEBUG] THEME: null
2024-10-01 08:51:43 GUI [DEBUG] THEME: null
2024-10-01 08:51:43 GUI [DEBUG] THEME: null
2024-10-01 08:51:43 GUI [DEBUG] THEME: null
2024-10-01 08:51:43 GUI [DEBUG] THEME: null
2024-10-01 08:51:43 GUI [DEBUG] THEME: null
2024-10-01 08:51:43 GUI [DEBUG] THEME: null
2024-10-01 08:51:43 GUI [DEBUG] THEME: null
2024-10-01 08:51:43 GUI [DEBUG] THEME: null
2024-10-01 08:51:43 GUI [DEBUG] THEME: null
2024-10-01 08:51:43 GUI [DEBUG] THEME: null
2024-10-01 08:51:43 GUI [DEBUG] THEME: null
2024-10-01 08:51:43 Settings [DEBUG] Locale: en
2024-10-01 08:51:43 Settings [DEBUG] Locale: en
2024-10-01 08:51:43 GameClock [DEBUG] Present number of tabs: 1
2024-10-01 08:51:43 DrawLocalSettings [DEBUG] this.time4Game.getActionCommand(): comboBoxChanged
2024-10-01 08:51:43 DrawLocalSettings [DEBUG] ****************
Starting new game: tune vs. CPU
time 4 game: 0
time limit set: false
white on top?: true
****************
2024-10-01 08:51:45 Chessboard2D [DEBUG] square_x: 5.0 square_y: 2.0
2024-10-01 08:51:45 Chessboard [DEBUG] active_x: 4 active_y: 7
2024-10-01 08:51:47 Chessboard2D [DEBUG] square_x: 5.0 square_y: 4.0
2024-10-01 08:51:47 Game [DEBUG] next move, active player: CPU, color: BLACK, type: COMPUTER
2024-10-01 08:51:47 Game [DEBUG] next move, active player: tune, color: WHITE, type: LOCAL_USER
2024-10-01 08:51:49 Chessboard2D [DEBUG] square_x: 7.0 square_y: 1.0
2024-10-01 08:51:49 Chessboard [DEBUG] active_x: 2 active_y: 8
2024-10-01 08:51:50 Chessboard2D [DEBUG] square_x: 6.0 square_y: 3.0
2024-10-01 08:51:50 Game [DEBUG] next move, active player: CPU, color: BLACK, type: COMPUTER
2024-10-01 08:51:50 Game [DEBUG] next move, active player: tune, color: WHITE, type: LOCAL_USER
2024-10-01 08:51:56 Chessboard2D [DEBUG] square_x: 2.0 square_y: 1.0
2024-10-01 08:51:56 Chessboard [DEBUG] active_x: 7 active_y: 8
2024-10-01 08:51:57 Chessboard2D [DEBUG] square_x: 3.0 square_y: 3.0
2024-10-01 08:51:57 Game [DEBUG] next move, active player: CPU, color: BLACK, type: COMPUTER
2024-10-01 08:51:57 Game [DEBUG] next move, active player: tune, color: WHITE, type: LOCAL_USER
2024-10-01 08:52:01 Chessboard2D [DEBUG] square_x: 6.0 square_y: 1.0
2024-10-01 08:52:01 Chessboard [DEBUG] active_x: 3 active_y: 8
2024-10-01 08:52:05 Chessboard2D [DEBUG] square_x: 3.0 square_y: 4.0
2024-10-01 08:52:05 Game [DEBUG] next move, active player: CPU, color: BLACK, type: COMPUTER
2024-10-01 08:52:05 Game [DEBUG] next move, active player: tune, color: WHITE, type: LOCAL_USER
2024-10-01 08:52:08 Chessboard2D [DEBUG] square_x: 3.0 square_y: 3.0
2024-10-01 08:52:08 Chessboard [DEBUG] active_x: 6 active_y: 6
2024-10-01 08:52:09 Chessboard2D [DEBUG] square_x: 1.0 square_y: 4.0
2024-10-01 08:52:09 Game [DEBUG] next move, active player: CPU, color: BLACK, type: COMPUTER
2024-10-01 08:52:09 Game [DEBUG] next move, active player: tune, color: WHITE, type: LOCAL_USER
2024-10-01 08:52:21 Chessboard2D [DEBUG] square_x: 1.0 square_y: 4.0
2024-10-01 08:52:21 Chessboard [DEBUG] active_x: 8 active_y: 5
2024-10-01 08:52:25 Chessboard2D [DEBUG] square_x: 6.0 square_y: 3.0
2024-10-01 08:52:25 Chessboard [DEBUG] active_x: 3 active_y: 6
2024-10-01 08:52:26 Chessboard2D [DEBUG] square_x: 5.0 square_y: 5.0
2024-10-01 08:52:26 Game [DEBUG] next move, active player: CPU, color: BLACK, type: COMPUTER
2024-10-01 08:52:26 Game [DEBUG] next move, active player: tune, color: WHITE, type: LOCAL_USER
2024-10-01 08:52:37 Chessboard2D [DEBUG] square_x: 1.0 square_y: 4.0
2024-10-01 08:52:37 Chessboard [DEBUG] active_x: 8 active_y: 5
2024-10-01 08:52:42 Chessboard2D [DEBUG] square_x: 2.0 square_y: 6.0
2024-10-01 08:52:42 Game [DEBUG] next move, active player: CPU, color: BLACK, type: COMPUTER
2024-10-01 08:52:42 Game [DEBUG] next move, active player: tune, color: WHITE, type: LOCAL_USER
2024-10-01 08:52:48 Chessboard2D [DEBUG] square_x: 2.0 square_y: 6.0
2024-10-01 08:52:48 Chessboard [DEBUG] active_x: 7 active_y: 3
2024-10-01 08:52:50 Chessboard2D [DEBUG] square_x: 1.0 square_y: 8.0
2024-10-01 08:52:50 Game [DEBUG] next move, active player: CPU, color: BLACK, type: COMPUTER
2024-10-01 08:52:50 Game [DEBUG] next move, active player: tune, color: WHITE, type: LOCAL_USER
2024-10-01 08:52:59 Chessboard2D [DEBUG] square_x: 4.0 square_y: 5.0
2024-10-01 08:52:59 Chessboard2D [DEBUG] square_x: 1.0 square_y: 8.0
2024-10-01 08:52:59 Chessboard [DEBUG] active_x: 8 active_y: 1
2024-10-01 08:53:00 Chessboard2D [DEBUG] square_x: 1.0 square_y: 8.0
2024-10-01 08:53:01 Chessboard2D [DEBUG] square_x: 4.0 square_y: 5.0
2024-10-01 08:53:01 Chessboard2D [DEBUG] square_x: 3.0 square_y: 5.0
2024-10-01 08:53:01 Chessboard2D [DEBUG] square_x: 5.0 square_y: 5.0
2024-10-01 08:53:01 Chessboard [DEBUG] active_x: 4 active_y: 4
2024-10-01 08:53:02 Chessboard2D [DEBUG] square_x: 5.0 square_y: 5.0
2024-10-01 08:53:11 Settings [DEBUG] Locale: en
2024-10-01 08:53:11 Settings [DEBUG] Locale: en
2024-10-01 08:53:11 Settings [DEBUG] Locale: en
2024-10-01 08:53:11 Settings [DEBUG] Locale: en
2024-10-01 08:53:11 Settings [DEBUG] Locale: en
2024-10-01 08:53:11 Settings [DEBUG] Locale: en
2024-10-01 08:53:11 Settings [DEBUG] Locale: en
2024-10-01 08:53:11 Settings [DEBUG] Locale: en
2024-10-01 08:53:11 Settings [DEBUG] Locale: en
2024-10-01 08:53:11 Settings [DEBUG] Locale: en
2024-10-01 08:53:11 Settings [DEBUG] Locale: en
2024-10-01 08:53:11 Settings [DEBUG] Locale: en
2024-10-01 08:53:11 Settings [DEBUG] Locale: en
2024-10-01 08:53:11 Settings [DEBUG] Locale: en
2024-10-01 08:53:11 Settings [DEBUG] Locale: en
2024-10-01 08:53:11 Settings [DEBUG] Locale: en
2024-10-01 08:53:11 Settings [DEBUG] Locale: en
2024-10-01 08:53:11 Settings [DEBUG] Locale: en
2024-10-01 08:53:11 Settings [DEBUG] Locale: en
2024-10-01 08:53:11 Settings [DEBUG] Locale: en
2024-10-01 08:53:11 Settings [DEBUG] Locale: en
2024-10-01 08:53:11 Settings [DEBUG] Locale: en
2024-10-01 08:53:11 Settings [DEBUG] Locale: en
2024-10-01 08:53:11 Settings [DEBUG] Locale: en
2024-10-01 08:55:49 GUI [DEBUG] THEME: null
2024-10-01 08:56:03 Settings [DEBUG] Locale: en
2024-10-01 08:56:03 Settings [DEBUG] Locale: en
2024-10-01 08:56:03 Settings [DEBUG] Locale: en
2024-10-01 08:56:03 Settings [DEBUG] Locale: en
2024-10-01 08:56:03 Settings [DEBUG] Locale: en
2024-10-01 08:56:03 Settings [DEBUG] Locale: en
2024-10-01 08:56:03 Settings [DEBUG] Locale: en
2024-10-01 08:56:03 Settings [DEBUG] Locale: en
2024-10-01 08:56:03 Settings [DEBUG] Locale: en
2024-10-01 08:56:03 Settings [DEBUG] Locale: en
2024-10-01 08:56:03 Settings [DEBUG] Locale: en
2024-10-01 08:56:03 Settings [DEBUG] Locale: en
2024-10-01 08:56:03 Settings [DEBUG] Locale: en
2024-10-01 08:56:03 Settings [DEBUG] Locale: en
2024-10-01 08:56:03 Settings [DEBUG] Locale: en
2024-10-01 08:56:03 Settings [DEBUG] Locale: en
2024-10-01 08:56:03 Settings [DEBUG] Locale: en
2024-10-01 08:56:03 Settings [DEBUG] Locale: en
2024-10-01 08:56:03 Settings [DEBUG] Locale: en
2024-10-01 08:56:03 Settings [DEBUG] Locale: en
2024-10-01 08:56:03 Settings [DEBUG] Locale: en
2024-10-01 08:56:03 Settings [DEBUG] Locale: en
2024-10-01 08:56:03 Settings [DEBUG] Locale: en
2024-10-01 08:56:03 Settings [DEBUG] Locale: en
2024-10-01 08:56:24 Settings [DEBUG] Locale: en
2024-10-01 08:56:24 Settings [DEBUG] Locale: en
2024-10-01 08:56:24 Settings [DEBUG] Locale: en
2024-10-01 08:56:24 Settings [DEBUG] Locale: en
2024-10-01 08:56:24 Settings [DEBUG] Locale: en
2024-10-01 08:56:24 GUI [DEBUG] THEME: null
2024-10-01 08:56:24 GUI [DEBUG] THEME: null
2024-10-01 08:56:24 GUI [DEBUG] THEME: null
2024-10-01 08:56:24 GUI [DEBUG] THEME: null
2024-10-01 08:56:24 GUI [DEBUG] THEME: null
2024-10-01 08:56:24 GUI [DEBUG] THEME: null
2024-10-01 08:56:24 GUI [DEBUG] THEME: null
2024-10-01 08:56:24 GUI [DEBUG] THEME: null
2024-10-01 08:56:24 GUI [DEBUG] THEME: null
2024-10-01 08:56:24 GUI [DEBUG] THEME: null
2024-10-01 08:56:24 GUI [DEBUG] THEME: null
2024-10-01 08:56:24 GUI [DEBUG] THEME: null
2024-10-01 08:56:24 GUI [DEBUG] THEME: null
2024-10-01 08:56:24 GUI [DEBUG] THEME: null
2024-10-01 08:56:24 GUI [DEBUG] THEME: null
2024-10-01 08:56:24 GUI [DEBUG] THEME: null
2024-10-01 08:56:24 GUI [DEBUG] THEME: null
2024-10-01 08:56:24 GUI [DEBUG] THEME: null
2024-10-01 08:56:24 GUI [DEBUG] THEME: null
2024-10-01 08:56:24 GUI [DEBUG] THEME: null
2024-10-01 08:56:24 GUI [DEBUG] THEME: null
2024-10-01 08:56:24 GUI [DEBUG] THEME: null
2024-10-01 08:56:24 GUI [DEBUG] THEME: null
2024-10-01 08:56:24 GUI [DEBUG] THEME: null
2024-10-01 08:56:24 GUI [DEBUG] THEME: null
2024-10-01 08:56:24 GUI [DEBUG] THEME: null
2024-10-01 08:56:24 GUI [DEBUG] THEME: null
2024-10-01 08:56:24 GUI [DEBUG] THEME: null
2024-10-01 08:56:24 GUI [DEBUG] THEME: null
2024-10-01 08:56:24 GUI [DEBUG] THEME: null
2024-10-01 08:56:24 GUI [DEBUG] THEME: null
2024-10-01 08:56:24 GUI [DEBUG] THEME: null
2024-10-01 08:56:24 GUI [DEBUG] THEME: null
2024-10-01 08:56:24 GUI [DEBUG] THEME: null
2024-10-01 08:56:24 GUI [DEBUG] THEME: null
2024-10-01 08:56:24 GUI [DEBUG] THEME: null
2024-10-01 08:56:24 GUI [DEBUG] THEME: null
2024-10-01 08:56:24 GUI [DEBUG] THEME: null
2024-10-01 08:56:24 GUI [DEBUG] THEME: null
2024-10-01 08:56:24 GUI [DEBUG] THEME: null
2024-10-01 08:56:24 GUI [DEBUG] THEME: null
2024-10-01 08:56:24 GUI [DEBUG] THEME: null
2024-10-01 08:56:24 GUI [DEBUG] THEME: null
2024-10-01 08:56:24 GUI [DEBUG] THEME: null
2024-10-01 08:56:24 GUI [DEBUG] THEME: null
2024-10-01 08:56:24 GUI [DEBUG] THEME: null
2024-10-01 08:56:24 GUI [DEBUG] THEME: null
2024-10-01 08:56:24 GUI [DEBUG] THEME: null
2024-10-01 08:56:24 GUI [DEBUG] THEME: null
2024-10-01 08:56:24 GUI [DEBUG] THEME: null
2024-10-01 08:56:24 GUI [DEBUG] THEME: null
2024-10-01 08:56:24 Settings [DEBUG] Locale: en
2024-10-01 08:56:24 Settings [DEBUG] Locale: en
2024-10-01 08:56:24 GameClock [DEBUG] Present number of tabs: 1
2024-10-01 08:56:24 DrawLocalSettings [DEBUG] this.time4Game.getActionCommand(): comboBoxChanged
2024-10-01 08:56:24 DrawLocalSettings [DEBUG] ****************
Starting new game: tune vs. CPU
time 4 game: 600
time limit set: true
white on top?: false
****************
2024-10-01 08:56:26 Chessboard2D [DEBUG] square_x: 5.0 square_y: 7.0
2024-10-01 08:56:26 Chessboard [DEBUG] active_x: 5 active_y: 7
2024-10-01 08:56:26 Chessboard2D [DEBUG] square_x: 5.0 square_y: 5.0
2024-10-01 08:56:26 Game [DEBUG] next move, active player: CPU, color: BLACK, type: COMPUTER
2024-10-01 08:56:26 Game [DEBUG] next move, active player: tune, color: WHITE, type: LOCAL_USER
2024-10-01 08:56:28 Chessboard2D [DEBUG] square_x: 6.0 square_y: 8.0
2024-10-01 08:56:28 Chessboard [DEBUG] active_x: 6 active_y: 8
2024-10-01 08:56:29 Chessboard2D [DEBUG] square_x: 6.0 square_y: 8.0
2024-10-01 08:56:30 Chessboard2D [DEBUG] square_x: 7.0 square_y: 8.0
2024-10-01 08:56:30 Chessboard [DEBUG] active_x: 7 active_y: 8
2024-10-01 08:56:30 Chessboard2D [DEBUG] square_x: 6.0 square_y: 6.0
2024-10-01 08:56:30 Game [DEBUG] next move, active player: CPU, color: BLACK, type: COMPUTER
2024-10-01 08:56:30 Game [DEBUG] next move, active player: tune, color: WHITE, type: LOCAL_USER
2024-10-01 08:56:32 Chessboard2D [DEBUG] square_x: 6.0 square_y: 8.0
2024-10-01 08:56:32 Chessboard [DEBUG] active_x: 6 active_y: 8
2024-10-01 08:56:33 Chessboard2D [DEBUG] square_x: 3.0 square_y: 5.0
2024-10-01 08:56:33 Game [DEBUG] next move, active player: CPU, color: BLACK, type: COMPUTER
2024-10-01 08:56:33 Game [DEBUG] next move, active player: tune, color: WHITE, type: LOCAL_USER
2024-10-01 08:56:34 Chessboard2D [DEBUG] square_x: 6.0 square_y: 6.0
2024-10-01 08:56:34 Chessboard [DEBUG] active_x: 6 active_y: 6
2024-10-01 08:56:36 Chessboard2D [DEBUG] square_x: 7.0 square_y: 4.0
2024-10-01 08:56:36 Game [DEBUG] next move, active player: CPU, color: BLACK, type: COMPUTER
2024-10-01 08:56:36 Game [DEBUG] next move, active player: tune, color: WHITE, type: LOCAL_USER
2024-10-01 08:56:37 Chessboard2D [DEBUG] square_x: 7.0 square_y: 4.0
2024-10-01 08:56:37 Chessboard [DEBUG] active_x: 7 active_y: 4
2024-10-01 08:56:38 Chessboard2D [DEBUG] square_x: 6.0 square_y: 2.0
2024-10-01 08:56:38 Game [DEBUG] next move, active player: CPU, color: BLACK, type: COMPUTER
2024-10-01 08:56:38 Game [DEBUG] next move, active player: tune, color: WHITE, type: LOCAL_USER
2024-10-01 08:56:40 Chessboard2D [DEBUG] square_x: 6.0 square_y: 2.0
2024-10-01 08:56:40 Chessboard [DEBUG] active_x: 6 active_y: 2
2024-10-01 08:56:42 Chessboard2D [DEBUG] square_x: 4.0 square_y: 1.0
2024-10-01 08:56:42 Game [DEBUG] next move, active player: CPU, color: BLACK, type: COMPUTER
2024-10-01 08:56:42 Game [DEBUG] next move, active player: tune, color: WHITE, type: LOCAL_USER
2024-10-01 08:56:47 Chessboard2D [DEBUG] square_x: 8.0 square_y: 5.0
2024-10-01 08:56:47 Chessboard2D [DEBUG] square_x: 7.0 square_y: 5.0
2024-10-01 08:56:48 Chessboard2D [DEBUG] square_x: 5.0 square_y: 5.0
2024-10-01 08:56:48 Chessboard [DEBUG] active_x: 5 active_y: 5
2024-10-01 08:56:49 Chessboard2D [DEBUG] square_x: 5.0 square_y: 5.0
2024-10-01 08:56:57 Chessboard2D [DEBUG] square_x: 3.0 square_y: 3.0
2024-10-01 08:56:57 Chessboard2D [DEBUG] square_x: 3.0 square_y: 3.0
2024-10-01 08:56:58 Chessboard2D [DEBUG] square_x: 4.0 square_y: 1.0
2024-10-01 08:56:58 Chessboard [DEBUG] active_x: 4 active_y: 1
2024-10-01 08:57:01 Chessboard2D [DEBUG] square_x: 3.0 square_y: 5.0
2024-10-01 08:57:01 Chessboard [DEBUG] active_x: 3 active_y: 5
2024-10-01 08:57:06 Chessboard2D [DEBUG] square_x: 3.0 square_y: 5.0
2024-10-01 08:57:07 Chessboard2D [DEBUG] square_x: 4.0 square_y: 1.0
2024-10-01 08:57:07 Chessboard [DEBUG] active_x: 4 active_y: 1
2024-10-01 08:57:07 Chessboard2D [DEBUG] square_x: 3.0 square_y: 3.0
2024-10-01 08:57:07 Game [DEBUG] next move, active player: CPU, color: BLACK, type: COMPUTER
2024-10-01 08:57:07 Game [DEBUG] next move, active player: tune, color: WHITE, type: LOCAL_USER
2024-10-01 08:57:11 Chessboard2D [DEBUG] square_x: 7.0 square_y: 7.0
2024-10-01 08:57:11 Chessboard [DEBUG] active_x: 7 active_y: 7
2024-10-01 08:57:18 Chessboard2D [DEBUG] square_x: 8.0 square_y: 6.0
2024-10-01 08:57:18 Game [DEBUG] next move, active player: CPU, color: BLACK, type: COMPUTER
2024-10-01 08:57:18 Game [DEBUG] next move, active player: tune, color: WHITE, type: LOCAL_USER
2024-10-01 08:57:27 Chessboard2D [DEBUG] square_x: 8.0 square_y: 7.0
2024-10-01 08:57:27 Chessboard [DEBUG] active_x: 8 active_y: 7
2024-10-01 08:57:27 Chessboard2D [DEBUG] square_x: 8.0 square_y: 7.0
2024-10-01 08:57:32 Chessboard2D [DEBUG] square_x: 3.0 square_y: 3.0
2024-10-01 08:57:32 Chessboard [DEBUG] active_x: 3 active_y: 3
2024-10-01 08:57:33 Chessboard2D [DEBUG] square_x: 2.0 square_y: 1.0
2024-10-01 08:57:33 Game [DEBUG] next move, active player: CPU, color: BLACK, type: COMPUTER
2024-10-01 08:57:33 Game [DEBUG] next move, active player: tune, color: WHITE, type: LOCAL_USER
2024-10-01 08:57:36 Chessboard2D [DEBUG] square_x: 2.0 square_y: 1.0
2024-10-01 08:57:36 Chessboard [DEBUG] active_x: 2 active_y: 1
2024-10-01 08:57:40 Chessboard2D [DEBUG] square_x: 2.0 square_y: 1.0
2024-10-01 08:57:41 Chessboard2D [DEBUG] square_x: 4.0 square_y: 8.0
2024-10-01 08:57:41 Chessboard [DEBUG] active_x: 4 active_y: 8
2024-10-01 08:57:43 Chessboard2D [DEBUG] square_x: 7.0 square_y: 5.0
2024-10-01 08:57:43 Game [DEBUG] next move, active player: CPU, color: BLACK, type: COMPUTER
2024-10-01 08:57:43 Game [DEBUG] next move, active player: tune, color: WHITE, type: LOCAL_USER
2024-10-01 08:58:08 Chessboard2D [DEBUG] square_x: 7.0 square_y: 5.0
2024-10-01 08:58:08 Chessboard [DEBUG] active_x: 7 active_y: 5
2024-10-01 08:58:09 Chessboard2D [DEBUG] square_x: 7.0 square_y: 5.0
2024-10-01 08:58:09 Chessboard2D [DEBUG] square_x: 7.0 square_y: 5.0
2024-10-01 08:58:09 Chessboard [DEBUG] active_x: 7 active_y: 5
2024-10-01 08:58:09 Chessboard2D [DEBUG] square_x: 7.0 square_y: 5.0
2024-10-01 08:58:10 Chessboard2D [DEBUG] square_x: 3.0 square_y: 5.0
2024-10-01 08:58:10 Chessboard [DEBUG] active_x: 3 active_y: 5
2024-10-01 08:58:12 Chessboard2D [DEBUG] square_x: 3.0 square_y: 5.0
2024-10-01 08:58:12 Chessboard2D [DEBUG] square_x: 7.0 square_y: 5.0
2024-10-01 08:58:12 Chessboard [DEBUG] active_x: 7 active_y: 5
2024-10-01 08:58:15 Chessboard2D [DEBUG] square_x: 7.0 square_y: 3.0
2024-10-01 08:58:15 Game [DEBUG] next move, active player: CPU, color: BLACK, type: COMPUTER
2024-10-01 08:58:15 Game [DEBUG] next move, active player: tune, color: WHITE, type: LOCAL_USER
2024-10-01 08:58:17 Chessboard2D [DEBUG] square_x: 3.0 square_y: 5.0
2024-10-01 08:58:17 Chessboard [DEBUG] active_x: 3 active_y: 5
2024-10-01 08:58:18 Chessboard2D [DEBUG] square_x: 3.0 square_y: 5.0
2024-10-01 08:58:19 Chessboard2D [DEBUG] square_x: 7.0 square_y: 3.0
2024-10-01 08:58:19 Chessboard [DEBUG] active_x: 7 active_y: 3
2024-10-01 08:58:23 Chessboard2D [DEBUG] square_x: 7.0 square_y: 3.0
2024-10-01 08:58:30 Chessboard2D [DEBUG] square_x: 5.0 square_y: 5.0
2024-10-01 08:58:30 Chessboard [DEBUG] active_x: 5 active_y: 5
2024-10-01 08:58:31 Chessboard2D [DEBUG] square_x: 3.0 square_y: 5.0
2024-10-01 08:58:31 Chessboard [DEBUG] active_x: 3 active_y: 5
2024-10-01 08:58:33 Chessboard2D [DEBUG] square_x: 3.0 square_y: 5.0
2024-10-01 08:58:34 Chessboard2D [DEBUG] square_x: 2.0 square_y: 1.0
2024-10-01 08:58:34 Chessboard [DEBUG] active_x: 2 active_y: 1
2024-10-01 08:58:38 Chessboard2D [DEBUG] square_x: 2.0 square_y: 1.0
2024-10-01 08:58:39 Chessboard2D [DEBUG] square_x: 4.0 square_y: 7.0
2024-10-01 08:58:39 Chessboard [DEBUG] active_x: 4 active_y: 7
2024-10-01 08:58:42 Chessboard2D [DEBUG] square_x: 2.0 square_y: 8.0
2024-10-01 08:58:42 Chessboard [DEBUG] active_x: 2 active_y: 8
2024-10-01 08:58:43 Chessboard2D [DEBUG] square_x: 3.0 square_y: 6.0
2024-10-01 08:58:43 Game [DEBUG] next move, active player: CPU, color: BLACK, type: COMPUTER
2024-10-01 08:58:43 Game [DEBUG] next move, active player: tune, color: WHITE, type: LOCAL_USER
2024-10-01 08:58:44 Chessboard2D [DEBUG] square_x: 7.0 square_y: 3.0
2024-10-01 08:58:44 Chessboard [DEBUG] active_x: 7 active_y: 3
2024-10-01 08:58:48 Chessboard2D [DEBUG] square_x: 6.0 square_y: 3.0
2024-10-01 08:58:48 Game [DEBUG] next move, active player: CPU, color: BLACK, type: COMPUTER
2024-10-01 08:58:48 Game [DEBUG] next move, active player: tune, color: WHITE, type: LOCAL_USER
2024-10-01 08:58:49 Chessboard2D [DEBUG] square_x: 6.0 square_y: 3.0
2024-10-01 08:58:49 Chessboard [DEBUG] active_x: 6 active_y: 3
2024-10-01 08:58:49 Chessboard2D [DEBUG] square_x: 8.0 square_y: 1.0
2024-10-01 08:58:49 Game [DEBUG] next move, active player: CPU, color: BLACK, type: COMPUTER
2024-10-01 08:58:49 Game [DEBUG] next move, active player: tune, color: WHITE, type: LOCAL_USER
2024-10-01 08:58:50 Chessboard2D [DEBUG] square_x: 8.0 square_y: 1.0
2024-10-01 08:58:50 Chessboard [DEBUG] active_x: 8 active_y: 1
2024-10-01 08:58:51 Chessboard2D [DEBUG] square_x: 7.0 square_y: 1.0
2024-10-01 08:58:51 Game [DEBUG] next move, active player: CPU, color: BLACK, type: COMPUTER
2024-10-01 08:58:51 Game [DEBUG] next move, active player: tune, color: WHITE, type: LOCAL_USER
2024-10-01 08:58:52 Chessboard2D [DEBUG] square_x: 7.0 square_y: 1.0
2024-10-01 08:58:52 Chessboard [DEBUG] active_x: 7 active_y: 1
2024-10-01 08:58:54 Chessboard2D [DEBUG] square_x: 7.0 square_y: 1.0
2024-10-01 08:58:55 Chessboard2D [DEBUG] square_x: 2.0 square_y: 1.0
2024-10-01 08:58:55 Chessboard [DEBUG] active_x: 2 active_y: 1
2024-10-01 08:58:57 Chessboard2D [DEBUG] square_x: 3.0 square_y: 5.0
2024-10-01 08:58:57 Chessboard [DEBUG] active_x: 3 active_y: 5
2024-10-01 08:58:58 Chessboard2D [DEBUG] square_x: 6.0 square_y: 2.0
2024-10-01 08:58:58 Game [DEBUG] next move, active player: CPU, color: BLACK, type: COMPUTER
2024-10-01 08:58:58 Game [DEBUG] next move, active player: tune, color: WHITE, type: LOCAL_USER
2024-10-01 08:58:59 Chessboard2D [DEBUG] square_x: 2.0 square_y: 1.0
2024-10-01 08:58:59 Chessboard [DEBUG] active_x: 2 active_y: 1
2024-10-01 08:59:03 Chessboard2D [DEBUG] square_x: 7.0 square_y: 1.0
2024-10-01 08:59:03 Chessboard [DEBUG] active_x: 7 active_y: 1
2024-10-01 08:59:04 Chessboard2D [DEBUG] square_x: 6.0 square_y: 1.0
2024-10-01 08:59:04 Game [DEBUG] next move, active player: CPU, color: BLACK, type: COMPUTER
2024-10-01 08:59:04 Game [DEBUG] next move, active player: tune, color: WHITE, type: LOCAL_USER
2024-10-01 08:59:05 Chessboard2D [DEBUG] square_x: 2.0 square_y: 1.0
2024-10-01 08:59:05 Chessboard [DEBUG] active_x: 2 active_y: 1
2024-10-01 08:59:08 Chessboard2D [DEBUG] square_x: 2.0 square_y: 1.0
2024-10-01 08:59:09 Chessboard2D [DEBUG] square_x: 6.0 square_y: 1.0
2024-10-01 08:59:09 Chessboard [DEBUG] active_x: 6 active_y: 1
2024-10-01 08:59:10 Chessboard2D [DEBUG] square_x: 6.0 square_y: 1.0
2024-10-01 08:59:11 Chessboard2D [DEBUG] square_x: 2.0 square_y: 1.0
2024-10-01 08:59:11 Chessboard [DEBUG] active_x: 2 active_y: 1
2024-10-01 08:59:14 Chessboard2D [DEBUG] square_x: 4.0 square_y: 7.0
2024-10-01 08:59:14 Chessboard [DEBUG] active_x: 4 active_y: 7
2024-10-01 08:59:14 Chessboard2D [DEBUG] square_x: 4.0 square_y: 7.0
2024-10-01 08:59:19 Chessboard2D [DEBUG] square_x: 6.0 square_y: 1.0
2024-10-01 08:59:19 Chessboard [DEBUG] active_x: 6 active_y: 1
2024-10-01 08:59:20 Chessboard2D [DEBUG] square_x: 6.0 square_y: 1.0
2024-10-01 08:59:22 Chessboard2D [DEBUG] square_x: 2.0 square_y: 1.0
2024-10-01 08:59:22 Chessboard [DEBUG] active_x: 2 active_y: 1
2024-10-01 08:59:23 Chessboard2D [DEBUG] square_x: 2.0 square_y: 1.0
2024-10-01 08:59:23 Chessboard2D [DEBUG] square_x: 2.0 square_y: 1.0
2024-10-01 08:59:23 Chessboard [DEBUG] active_x: 2 active_y: 1
2024-10-01 08:59:25 Chessboard2D [DEBUG] square_x: 2.0 square_y: 1.0
2024-10-01 08:59:26 Chessboard2D [DEBUG] square_x: 3.0 square_y: 6.0
2024-10-01 08:59:26 Chessboard [DEBUG] active_x: 3 active_y: 6
2024-10-01 08:59:32 Chessboard2D [DEBUG] square_x: 3.0 square_y: 6.0
2024-10-01 08:59:36 Chessboard2D [DEBUG] square_x: 8.0 square_y: 8.0
2024-10-01 08:59:36 Chessboard [DEBUG] active_x: 8 active_y: 8
2024-10-01 08:59:36 Chessboard2D [DEBUG] square_x: 7.0 square_y: 8.0
2024-10-01 08:59:36 Game [DEBUG] next move, active player: CPU, color: BLACK, type: COMPUTER
2024-10-01 08:59:36 Game [DEBUG] next move, active player: tune, color: WHITE, type: LOCAL_USER
2024-10-01 08:59:40 Chessboard2D [DEBUG] square_x: 7.0 square_y: 8.0
2024-10-01 08:59:40 Chessboard [DEBUG] active_x: 7 active_y: 8
2024-10-01 08:59:50 Chessboard2D [DEBUG] square_x: 7.0 square_y: 3.0
2024-10-01 08:59:50 Game [DEBUG] next move, active player: CPU, color: BLACK, type: COMPUTER
2024-10-01 08:59:50 Game [DEBUG] next move, active player: tune, color: WHITE, type: LOCAL_USER
2024-10-01 08:59:51 Chessboard2D [DEBUG] square_x: 5.0 square_y: 5.0
2024-10-01 08:59:51 Chessboard [DEBUG] active_x: 5 active_y: 5
2024-10-01 08:59:52 Chessboard2D [DEBUG] square_x: 4.0 square_y: 4.0
2024-10-01 08:59:52 Game [DEBUG] next move, active player: CPU, color: BLACK, type: COMPUTER
2024-10-01 08:59:52 Game [DEBUG] next move, active player: tune, color: WHITE, type: LOCAL_USER
2024-10-01 08:59:53 Chessboard2D [DEBUG] square_x: 4.0 square_y: 4.0
2024-10-01 08:59:53 Chessboard [DEBUG] active_x: 4 active_y: 4
2024-10-01 08:59:55 Chessboard2D [DEBUG] square_x: 4.0 square_y: 3.0
2024-10-01 08:59:55 Game [DEBUG] next move, active player: CPU, color: BLACK, type: COMPUTER
2024-10-01 08:59:55 Game [DEBUG] next move, active player: tune, color: WHITE, type: LOCAL_USER
2024-10-01 08:59:57 Chessboard2D [DEBUG] square_x: 4.0 square_y: 3.0
2024-10-01 08:59:57 Chessboard [DEBUG] active_x: 4 active_y: 3
2024-10-01 08:59:59 Chessboard2D [DEBUG] square_x: 4.0 square_y: 3.0
2024-10-01 09:00:00 Chessboard2D [DEBUG] square_x: 7.0 square_y: 3.0
2024-10-01 09:00:00 Chessboard [DEBUG] active_x: 7 active_y: 3
2024-10-01 09:00:01 Chessboard2D [DEBUG] square_x: 7.0 square_y: 3.0
2024-10-01 09:00:01 Chessboard2D [DEBUG] square_x: 3.0 square_y: 6.0
2024-10-01 09:00:01 Chessboard [DEBUG] active_x: 3 active_y: 6
2024-10-01 09:00:03 Chessboard2D [DEBUG] square_x: 3.0 square_y: 6.0
2024-10-01 09:00:04 Chessboard2D [DEBUG] square_x: 4.0 square_y: 7.0
2024-10-01 09:00:04 Chessboard [DEBUG] active_x: 4 active_y: 7
2024-10-01 09:00:05 Chessboard2D [DEBUG] square_x: 4.0 square_y: 5.0
2024-10-01 09:00:05 Game [DEBUG] next move, active player: CPU, color: BLACK, type: COMPUTER
2024-10-01 09:00:05 Game [DEBUG] next move, active player: tune, color: WHITE, type: LOCAL_USER
2024-10-01 09:00:07 Chessboard2D [DEBUG] square_x: 4.0 square_y: 5.0
2024-10-01 09:00:07 Chessboard [DEBUG] active_x: 4 active_y: 5
2024-10-01 09:00:08 Chessboard2D [DEBUG] square_x: 4.0 square_y: 5.0
2024-10-01 09:00:08 Chessboard2D [DEBUG] square_x: 4.0 square_y: 5.0
2024-10-01 09:00:08 Chessboard [DEBUG] active_x: 4 active_y: 5
2024-10-01 09:00:09 Chessboard2D [DEBUG] square_x: 4.0 square_y: 5.0
2024-10-01 09:00:11 Chessboard2D [DEBUG] square_x: 4.0 square_y: 5.0
2024-10-01 09:00:11 Chessboard [DEBUG] active_x: 4 active_y: 5
2024-10-01 09:00:16 Chessboard2D [DEBUG] square_x: 4.0 square_y: 4.0
2024-10-01 09:00:16 Game [DEBUG] next move, active player: CPU, color: BLACK, type: COMPUTER
2024-10-01 09:00:16 Game [DEBUG] next move, active player: tune, color: WHITE, type: LOCAL_USER
2024-10-01 09:00:18 Chessboard2D [DEBUG] square_x: 4.0 square_y: 4.0
2024-10-01 09:00:18 Chessboard [DEBUG] active_x: 4 active_y: 4
2024-10-01 09:00:20 Chessboard2D [DEBUG] square_x: 3.0 square_y: 6.0
2024-10-01 09:00:20 Chessboard [DEBUG] active_x: 3 active_y: 6
2024-10-01 09:00:20 Chessboard2D [DEBUG] square_x: 4.0 square_y: 4.0
2024-10-01 09:00:20 Chessboard [DEBUG] active_x: 4 active_y: 4
2024-10-01 09:00:21 Chessboard2D [DEBUG] square_x: 3.0 square_y: 3.0
2024-10-01 09:00:21 Game [DEBUG] next move, active player: CPU, color: BLACK, type: COMPUTER
2024-10-01 09:00:21 Game [DEBUG] next move, active player: tune, color: WHITE, type: LOCAL_USER
2024-10-01 09:00:23 Chessboard2D [DEBUG] square_x: 4.0 square_y: 3.0
2024-10-01 09:00:23 Chessboard [DEBUG] active_x: 4 active_y: 3
2024-10-01 09:00:26 Chessboard2D [DEBUG] square_x: 4.0 square_y: 2.0
2024-10-01 09:00:26 Game [DEBUG] next move, active player: CPU, color: BLACK, type: COMPUTER
2024-10-01 09:00:26 Game [DEBUG] next move, active player: tune, color: WHITE, type: LOCAL_USER
2024-10-01 09:00:28 Chessboard2D [DEBUG] square_x: 4.0 square_y: 2.0
2024-10-01 09:00:28 Chessboard [DEBUG] active_x: 4 active_y: 2
2024-10-01 09:00:29 Chessboard2D [DEBUG] square_x: 3.0 square_y: 1.0
2024-10-01 09:00:29 GUI [DEBUG] THEME: null
2024-10-01 09:00:29 GUI [DEBUG] THEME: null
2024-10-01 09:00:29 GUI [DEBUG] THEME: null
2024-10-01 09:00:29 GUI [DEBUG] THEME: null
2024-10-01 09:00:29 GUI [DEBUG] THEME: null
2024-10-01 09:00:29 GUI [DEBUG] THEME: null
2024-10-01 09:00:29 GUI [DEBUG] THEME: null
2024-10-01 09:00:29 GUI [DEBUG] THEME: null
2024-10-01 09:00:30 Game [DEBUG] next move, active player: CPU, color: BLACK, type: COMPUTER
2024-10-01 09:00:30 Game [DEBUG] next move, active player: tune, color: WHITE, type: LOCAL_USER
2024-10-01 09:00:32 Chessboard2D [DEBUG] square_x: 3.0 square_y: 1.0
2024-10-01 09:00:32 Chessboard [DEBUG] active_x: 3 active_y: 1
2024-10-01 09:00:39 Chessboard2D [DEBUG] square_x: 3.0 square_y: 1.0
2024-10-01 09:00:43 Chessboard2D [DEBUG] square_x: 3.0 square_y: 1.0
2024-10-01 09:00:43 Chessboard [DEBUG] active_x: 3 active_y: 1
2024-10-01 09:00:45 Chessboard2D [DEBUG] square_x: 3.0 square_y: 1.0
2024-10-01 09:00:46 Chessboard2D [DEBUG] square_x: 7.0 square_y: 3.0
2024-10-01 09:00:46 Chessboard [DEBUG] active_x: 7 active_y: 3
2024-10-01 09:00:47 Chessboard2D [DEBUG] square_x: 7.0 square_y: 3.0
2024-10-01 09:00:57 Chessboard2D [DEBUG] square_x: 3.0 square_y: 7.0
2024-10-01 09:00:57 Chessboard [DEBUG] active_x: 3 active_y: 7
2024-10-01 09:00:58 Chessboard2D [DEBUG] square_x: 3.0 square_y: 8.0
2024-10-01 09:00:58 Chessboard [DEBUG] active_x: 3 active_y: 8
2024-10-01 09:00:58 Chessboard2D [DEBUG] square_x: 3.0 square_y: 7.0
2024-10-01 09:00:58 Chessboard [DEBUG] active_x: 3 active_y: 7
2024-10-01 09:00:58 Chessboard2D [DEBUG] square_x: 3.0 square_y: 6.0
2024-10-01 09:00:58 Chessboard [DEBUG] active_x: 3 active_y: 6
2024-10-01 09:00:59 Chessboard2D [DEBUG] square_x: 2.0 square_y: 4.0
2024-10-01 09:00:59 Game [DEBUG] next move, active player: CPU, color: BLACK, type: COMPUTER
2024-10-01 09:00:59 Game [DEBUG] Checkmate! BLACK player lose!
2024-10-01 09:01:07 Settings [DEBUG] Locale: en
2024-10-01 09:01:07 Settings [DEBUG] Locale: en
2024-10-01 09:01:07 Settings [DEBUG] Locale: en
2024-10-01 09:01:07 Settings [DEBUG] Locale: en
2024-10-01 09:01:07 Settings [DEBUG] Locale: en
2024-10-01 09:01:07 Settings [DEBUG] Locale: en
2024-10-01 09:01:07 Settings [DEBUG] Locale: en
2024-10-01 09:01:07 Settings [DEBUG] Locale: en
2024-10-01 09:01:07 Settings [DEBUG] Locale: en
2024-10-01 09:01:07 Settings [DEBUG] Locale: en
2024-10-01 09:01:07 Settings [DEBUG] Locale: en
2024-10-01 09:01:07 Settings [DEBUG] Locale: en
2024-10-01 09:01:07 Settings [DEBUG] Locale: en
2024-10-01 09:01:07 Settings [DEBUG] Locale: en
2024-10-01 09:01:07 Settings [DEBUG] Locale: en
2024-10-01 09:01:07 Settings [DEBUG] Locale: en
2024-10-01 09:01:07 Settings [DEBUG] Locale: en
2024-10-01 09:01:07 Settings [DEBUG] Locale: en
2024-10-01 09:01:07 Settings [DEBUG] Locale: en
2024-10-01 09:01:07 Settings [DEBUG] Locale: en
2024-10-01 09:01:07 Settings [DEBUG] Locale: en
2024-10-01 09:01:07 Settings [DEBUG] Locale: en
2024-10-01 09:01:07 Settings [DEBUG] Locale: en
2024-10-01 09:01:07 Settings [DEBUG] Locale: en
2024-10-01 09:01:32 Settings [DEBUG] Locale: en
2024-10-01 09:01:32 Settings [DEBUG] Locale: en
2024-10-01 09:01:32 Settings [DEBUG] Locale: en
2024-10-01 09:01:32 Settings [DEBUG] Locale: en
2024-10-01 09:01:32 Settings [DEBUG] Locale: en
2024-10-01 09:01:32 Settings [DEBUG] Locale: en
2024-10-01 09:01:32 Settings [DEBUG] Locale: en
2024-10-01 09:01:32 GameClock [DEBUG] Present number of tabs: 2
2024-10-01 09:01:32 DrawLocalSettings [DEBUG] this.time4Game.getActionCommand(): comboBoxChanged
2024-10-01 09:01:32 DrawLocalSettings [DEBUG] ****************
Starting new game: tune vs. CPU
time 4 game: 600
time limit set: true
white on top?: false
****************
2024-10-01 09:01:49 Chessboard2D [DEBUG] square_x: 5.0 square_y: 7.0
2024-10-01 09:01:49 Chessboard [DEBUG] active_x: 5 active_y: 7
2024-10-01 09:01:53 Chessboard2D [DEBUG] square_x: 5.0 square_y: 5.0
2024-10-01 09:01:53 Game [DEBUG] next move, active player: CPU, color: BLACK, type: COMPUTER
2024-10-01 09:01:53 Game [DEBUG] next move, active player: tune, color: WHITE, type: LOCAL_USER
2024-10-01 09:01:55 Chessboard2D [DEBUG] square_x: 6.0 square_y: 8.0
2024-10-01 09:01:55 Chessboard [DEBUG] active_x: 6 active_y: 8
2024-10-01 09:01:55 Chessboard2D [DEBUG] square_x: 6.0 square_y: 8.0
2024-10-01 09:01:58 Chessboard2D [DEBUG] square_x: 5.0 square_y: 5.0
2024-10-01 09:01:58 Chessboard [DEBUG] active_x: 5 active_y: 5
2024-10-01 09:01:59 Chessboard2D [DEBUG] square_x: 4.0 square_y: 4.0
2024-10-01 09:01:59 Game [DEBUG] next move, active player: CPU, color: BLACK, type: COMPUTER
2024-10-01 09:01:59 Game [DEBUG] next move, active player: tune, color: WHITE, type: LOCAL_USER
2024-10-01 09:02:01 Chessboard2D [DEBUG] square_x: 7.0 square_y: 8.0
2024-10-01 09:02:01 Chessboard [DEBUG] active_x: 7 active_y: 8
2024-10-01 09:02:02 Chessboard2D [DEBUG] square_x: 2.0 square_y: 8.0
2024-10-01 09:02:02 Chessboard [DEBUG] active_x: 2 active_y: 8
2024-10-01 09:02:03 Chessboard2D [DEBUG] square_x: 3.0 square_y: 6.0
2024-10-01 09:02:03 Game [DEBUG] next move, active player: CPU, color: BLACK, type: COMPUTER
2024-10-01 09:02:03 Game [DEBUG] next move, active player: tune, color: WHITE, type: LOCAL_USER
2024-10-01 09:02:05 Chessboard2D [DEBUG] square_x: 3.0 square_y: 6.0
2024-10-01 09:02:05 Chessboard [DEBUG] active_x: 3 active_y: 6
2024-10-01 09:02:05 Chessboard2D [DEBUG] square_x: 1.0 square_y: 7.0
2024-10-01 09:02:05 Game [DEBUG] next move, active player: CPU, color: BLACK, type: COMPUTER
2024-10-01 09:02:05 Game [DEBUG] next move, active player: tune, color: WHITE, type: LOCAL_USER
2024-10-01 09:02:08 Chessboard2D [DEBUG] square_x: 6.0 square_y: 8.0
2024-10-01 09:02:08 Chessboard [DEBUG] active_x: 6 active_y: 8
2024-10-01 09:02:08 Chessboard2D [DEBUG] square_x: 3.0 square_y: 5.0
2024-10-01 09:02:08 Game [DEBUG] next move, active player: CPU, color: BLACK, type: COMPUTER
2024-10-01 09:02:08 Game [DEBUG] next move, active player: tune, color: WHITE, type: LOCAL_USER
2024-10-01 09:02:09 Chessboard2D [DEBUG] square_x: 7.0 square_y: 8.0
2024-10-01 09:02:09 Chessboard [DEBUG] active_x: 7 active_y: 8
2024-10-01 09:02:11 Chessboard2D [DEBUG] square_x: 7.0 square_y: 8.0
2024-10-01 09:02:11 Chessboard2D [DEBUG] square_x: 7.0 square_y: 7.0
2024-10-01 09:02:11 Chessboard [DEBUG] active_x: 7 active_y: 7
2024-10-01 09:02:11 Chessboard2D [DEBUG] square_x: 8.0 square_y: 6.0
2024-10-01 09:02:11 Game [DEBUG] next move, active player: CPU, color: BLACK, type: COMPUTER
2024-10-01 09:02:11 Game [DEBUG] next move, active player: tune, color: WHITE, type: LOCAL_USER
2024-10-01 09:02:12 Chessboard2D [DEBUG] square_x: 3.0 square_y: 5.0
2024-10-01 09:02:12 Chessboard [DEBUG] active_x: 3 active_y: 5
2024-10-01 09:02:14 Chessboard2D [DEBUG] square_x: 2.0 square_y: 4.0
2024-10-01 09:02:14 Game [DEBUG] next move, active player: CPU, color: BLACK, type: COMPUTER
2024-10-01 09:02:14 Game [DEBUG] next move, active player: tune, color: WHITE, type: LOCAL_USER
2024-10-01 09:02:16 Chessboard2D [DEBUG] square_x: 2.0 square_y: 4.0
2024-10-01 09:02:16 Chessboard [DEBUG] active_x: 2 active_y: 4
2024-10-01 09:02:17 Chessboard2D [DEBUG] square_x: 2.0 square_y: 4.0
2024-10-01 09:02:18 Chessboard2D [DEBUG] square_x: 7.0 square_y: 8.0
2024-10-01 09:02:18 Chessboard [DEBUG] active_x: 7 active_y: 8
2024-10-01 09:02:20 Chessboard2D [DEBUG] square_x: 7.0 square_y: 8.0
2024-10-01 09:02:20 Chessboard2D [DEBUG] square_x: 1.0 square_y: 7.0
2024-10-01 09:02:20 Chessboard [DEBUG] active_x: 1 active_y: 7
2024-10-01 09:02:21 Chessboard2D [DEBUG] square_x: 3.0 square_y: 6.0
2024-10-01 09:02:21 Game [DEBUG] next move, active player: CPU, color: BLACK, type: COMPUTER
2024-10-01 09:02:21 Game [DEBUG] next move, active player: tune, color: WHITE, type: LOCAL_USER
2024-10-01 09:02:21 Chessboard2D [DEBUG] square_x: 3.0 square_y: 6.0
2024-10-01 09:02:21 Chessboard [DEBUG] active_x: 3 active_y: 6
2024-10-01 09:02:22 Chessboard2D [DEBUG] square_x: 5.0 square_y: 5.0
2024-10-01 09:02:22 Game [DEBUG] next move, active player: CPU, color: BLACK, type: COMPUTER
2024-10-01 09:02:22 Game [DEBUG] next move, active player: tune, color: WHITE, type: LOCAL_USER
2024-10-01 09:02:23 Chessboard2D [DEBUG] square_x: 5.0 square_y: 5.0
2024-10-01 09:02:23 Chessboard [DEBUG] active_x: 5 active_y: 5
2024-10-01 09:02:24 Chessboard2D [DEBUG] square_x: 5.0 square_y: 5.0
2024-10-01 09:02:25 Chessboard2D [DEBUG] square_x: 4.0 square_y: 8.0
2024-10-01 09:02:25 Chessboard [DEBUG] active_x: 4 active_y: 8
2024-10-01 09:02:28 Chessboard2D [DEBUG] square_x: 8.0 square_y: 4.0
2024-10-01 09:02:28 Game [DEBUG] next move, active player: CPU, color: BLACK, type: COMPUTER
2024-10-01 09:02:28 Game [DEBUG] next move, active player: tune, color: WHITE, type: LOCAL_USER
2024-10-01 09:02:28 Chessboard2D [DEBUG] square_x: 8.0 square_y: 4.0
2024-10-01 09:02:28 Chessboard [DEBUG] active_x: 8 active_y: 4
2024-10-01 09:02:29 Chessboard2D [DEBUG] square_x: 4.0 square_y: 4.0
2024-10-01 09:02:29 Game [DEBUG] next move, active player: CPU, color: BLACK, type: COMPUTER
2024-10-01 09:02:29 Game [DEBUG] next move, active player: tune, color: WHITE, type: LOCAL_USER
2024-10-01 09:02:30 Chessboard2D [DEBUG] square_x: 4.0 square_y: 4.0
2024-10-01 09:02:30 Chessboard [DEBUG] active_x: 4 active_y: 4
2024-10-01 09:02:31 Chessboard2D [DEBUG] square_x: 1.0 square_y: 1.0
2024-10-01 09:02:31 Game [DEBUG] next move, active player: CPU, color: BLACK, type: COMPUTER
2024-10-01 09:02:31 Game [DEBUG] next move, active player: tune, color: WHITE, type: LOCAL_USER
2024-10-01 09:02:33 Chessboard2D [DEBUG] square_x: 1.0 square_y: 1.0
2024-10-01 09:02:33 Chessboard [DEBUG] active_x: 1 active_y: 1
2024-10-01 09:02:37 Chessboard2D [DEBUG] square_x: 1.0 square_y: 1.0
2024-10-01 09:02:38 Chessboard2D [DEBUG] square_x: 2.0 square_y: 4.0
2024-10-01 09:02:38 Chessboard [DEBUG] active_x: 2 active_y: 4
2024-10-01 09:02:39 Chessboard2D [DEBUG] square_x: 1.0 square_y: 3.0
2024-10-01 09:02:39 Game [DEBUG] next move, active player: CPU, color: BLACK, type: COMPUTER
2024-10-01 09:02:39 Game [DEBUG] next move, active player: tune, color: WHITE, type: LOCAL_USER
2024-10-01 09:02:40 Chessboard2D [DEBUG] square_x: 1.0 square_y: 1.0
2024-10-01 09:02:40 Chessboard [DEBUG] active_x: 1 active_y: 1
2024-10-01 09:02:42 Chessboard2D [DEBUG] square_x: 2.0 square_y: 1.0
2024-10-01 09:02:42 Game [DEBUG] next move, active player: CPU, color: BLACK, type: COMPUTER
2024-10-01 09:02:42 Game [DEBUG] next move, active player: tune, color: WHITE, type: LOCAL_USER
2024-10-01 09:02:48 Chessboard2D [DEBUG] square_x: 2.0 square_y: 1.0
2024-10-01 09:02:48 Chessboard [DEBUG] active_x: 2 active_y: 1
2024-10-01 09:02:51 Chessboard2D [DEBUG] square_x: 2.0 square_y: 1.0
2024-10-01 09:02:51 Chessboard2D [DEBUG] square_x: 5.0 square_y: 5.0
2024-10-01 09:02:51 Chessboard [DEBUG] active_x: 5 active_y: 5
2024-10-01 09:02:57 Chessboard2D [DEBUG] square_x: 7.0 square_y: 4.0
2024-10-01 09:02:57 Game [DEBUG] next move, active player: CPU, color: BLACK, type: COMPUTER
2024-10-01 09:02:57 Game [DEBUG] next move, active player: tune, color: WHITE, type: LOCAL_USER
2024-10-01 09:02:58 Chessboard2D [DEBUG] square_x: 7.0 square_y: 4.0
2024-10-01 09:02:58 Chessboard [DEBUG] active_x: 7 active_y: 4
2024-10-01 09:03:00 Chessboard2D [DEBUG] square_x: 6.0 square_y: 2.0
2024-10-01 09:03:00 Game [DEBUG] next move, active player: CPU, color: BLACK, type: COMPUTER
2024-10-01 09:03:00 Game [DEBUG] next move, active player: tune, color: WHITE, type: LOCAL_USER
2024-10-01 09:03:01 Chessboard2D [DEBUG] square_x: 6.0 square_y: 2.0
2024-10-01 09:03:01 Chessboard [DEBUG] active_x: 6 active_y: 2
2024-10-01 09:03:03 Chessboard2D [DEBUG] square_x: 8.0 square_y: 1.0
2024-10-01 09:03:03 Game [DEBUG] next move, active player: CPU, color: BLACK, type: COMPUTER
2024-10-01 09:03:03 Game [DEBUG] next move, active player: tune, color: WHITE, type: LOCAL_USER
2024-10-01 09:03:05 Chessboard2D [DEBUG] square_x: 3.0 square_y: 8.0
2024-10-01 09:03:05 Chessboard [DEBUG] active_x: 3 active_y: 8
2024-10-01 09:03:05 Chessboard2D [DEBUG] square_x: 4.0 square_y: 7.0
2024-10-01 09:03:05 Game [DEBUG] next move, active player: CPU, color: BLACK, type: COMPUTER
2024-10-01 09:03:05 Game [DEBUG] next move, active player: tune, color: WHITE, type: LOCAL_USER
2024-10-01 09:03:07 Chessboard2D [DEBUG] square_x: 7.0 square_y: 8.0
2024-10-01 09:03:07 Chessboard [DEBUG] active_x: 7 active_y: 8
2024-10-01 09:03:07 Chessboard2D [DEBUG] square_x: 6.0 square_y: 6.0
2024-10-01 09:03:07 Game [DEBUG] next move, active player: CPU, color: BLACK, type: COMPUTER
2024-10-01 09:03:07 Game [DEBUG] next move, active player: tune, color: WHITE, type: LOCAL_USER
2024-10-01 09:03:08 Chessboard2D [DEBUG] square_x: 6.0 square_y: 6.0
2024-10-01 09:03:08 Chessboard [DEBUG] active_x: 6 active_y: 6
2024-10-01 09:03:08 Chessboard2D [DEBUG] square_x: 5.0 square_y: 4.0
2024-10-01 09:03:08 Game [DEBUG] next move, active player: CPU, color: BLACK, type: COMPUTER
2024-10-01 09:03:08 Game [DEBUG] next move, active player: tune, color: WHITE, type: LOCAL_USER
2024-10-01 09:03:10 Chessboard2D [DEBUG] square_x: 2.0 square_y: 1.0
2024-10-01 09:03:10 Chessboard [DEBUG] active_x: 2 active_y: 1
2024-10-01 09:03:14 Chessboard2D [DEBUG] square_x: 3.0 square_y: 2.0
2024-10-01 09:03:14 Game [DEBUG] next move, active player: CPU, color: BLACK, type: COMPUTER
2024-10-01 09:03:14 Game [DEBUG] next move, active player: tune, color: WHITE, type: LOCAL_USER
2024-10-01 09:03:15 Chessboard2D [DEBUG] square_x: 5.0 square_y: 4.0
2024-10-01 09:03:15 Chessboard [DEBUG] active_x: 5 active_y: 4
2024-10-01 09:03:16 Chessboard2D [DEBUG] square_x: 5.0 square_y: 4.0
2024-10-01 09:03:19 Chessboard2D [DEBUG] square_x: 8.0 square_y: 1.0
2024-10-01 09:03:19 Chessboard [DEBUG] active_x: 8 active_y: 1
2024-10-01 09:03:23 Chessboard2D [DEBUG] square_x: 6.0 square_y: 2.0
2024-10-01 09:03:23 Game [DEBUG] next move, active player: CPU, color: BLACK, type: COMPUTER
2024-10-01 09:03:23 Game [DEBUG] next move, active player: tune, color: WHITE, type: LOCAL_USER
2024-10-01 09:03:25 Chessboard2D [DEBUG] square_x: 4.0 square_y: 7.0
2024-10-01 09:03:25 Chessboard [DEBUG] active_x: 4 active_y: 7
2024-10-01 09:03:25 Chessboard2D [DEBUG] square_x: 4.0 square_y: 7.0
2024-10-01 09:03:25 Chessboard2D [DEBUG] square_x: 4.0 square_y: 7.0
2024-10-01 09:03:25 Chessboard [DEBUG] active_x: 4 active_y: 7
2024-10-01 09:03:25 Chessboard2D [DEBUG] square_x: 4.0 square_y: 7.0
2024-10-01 09:03:26 Chessboard2D [DEBUG] square_x: 8.0 square_y: 8.0
2024-10-01 09:03:26 Chessboard [DEBUG] active_x: 8 active_y: 8
2024-10-01 09:03:28 Chessboard2D [DEBUG] square_x: 7.0 square_y: 8.0
2024-10-01 09:03:28 Game [DEBUG] next move, active player: CPU, color: BLACK, type: COMPUTER
2024-10-01 09:03:28 Game [DEBUG] next move, active player: tune, color: WHITE, type: LOCAL_USER
2024-10-01 09:03:29 Chessboard2D [DEBUG] square_x: 6.0 square_y: 2.0
2024-10-01 09:03:29 Chessboard [DEBUG] active_x: 6 active_y: 2
2024-10-01 09:03:29 Chessboard2D [DEBUG] square_x: 6.0 square_y: 2.0
2024-10-01 09:03:30 Chessboard2D [DEBUG] square_x: 3.0 square_y: 2.0
2024-10-01 09:03:30 Chessboard [DEBUG] active_x: 3 active_y: 2
2024-10-01 09:03:33 Chessboard2D [DEBUG] square_x: 1.0 square_y: 2.0
2024-10-01 09:03:33 Game [DEBUG] next move, active player: CPU, color: BLACK, type: COMPUTER
2024-10-01 09:03:33 Game [DEBUG] next move, active player: tune, color: WHITE, type: LOCAL_USER
2024-10-01 09:03:35 Chessboard2D [DEBUG] square_x: 1.0 square_y: 2.0
2024-10-01 09:03:35 Chessboard [DEBUG] active_x: 1 active_y: 2
2024-10-01 09:03:38 Chessboard2D [DEBUG] square_x: 1.0 square_y: 2.0
2024-10-01 09:03:39 Chessboard2D [DEBUG] square_x: 4.0 square_y: 7.0
2024-10-01 09:03:39 Chessboard [DEBUG] active_x: 4 active_y: 7
2024-10-01 09:03:39 Chessboard2D [DEBUG] square_x: 4.0 square_y: 7.0
2024-10-01 09:03:40 Chessboard2D [DEBUG] square_x: 6.0 square_y: 7.0
2024-10-01 09:03:40 Chessboard [DEBUG] active_x: 6 active_y: 7
2024-10-01 09:03:42 Chessboard2D [DEBUG] square_x: 4.0 square_y: 7.0
2024-10-01 09:03:42 Chessboard [DEBUG] active_x: 4 active_y: 7
2024-10-01 09:03:43 Chessboard2D [DEBUG] square_x: 4.0 square_y: 7.0
2024-10-01 09:03:43 Chessboard2D [DEBUG] square_x: 3.0 square_y: 7.0
2024-10-01 09:03:43 Chessboard [DEBUG] active_x: 3 active_y: 7
2024-10-01 09:03:46 Chessboard2D [DEBUG] square_x: 3.0 square_y: 6.0
2024-10-01 09:03:46 Game [DEBUG] next move, active player: CPU, color: BLACK, type: COMPUTER
2024-10-01 09:03:46 Game [DEBUG] next move, active player: tune, color: WHITE, type: LOCAL_USER
2024-10-01 09:03:49 Chessboard2D [DEBUG] square_x: 7.0 square_y: 8.0
2024-10-01 09:03:49 Chessboard [DEBUG] active_x: 7 active_y: 8
2024-10-01 09:03:51 Chessboard2D [DEBUG] square_x: 7.0 square_y: 5.0
2024-10-01 09:03:51 Game [DEBUG] next move, active player: CPU, color: BLACK, type: COMPUTER
2024-10-01 09:03:51 Game [DEBUG] next move, active player: tune, color: WHITE, type: LOCAL_USER
2024-10-01 09:03:52 Chessboard2D [DEBUG] square_x: 7.0 square_y: 5.0
2024-10-01 09:03:52 Chessboard [DEBUG] active_x: 7 active_y: 5
2024-10-01 09:03:53 Chessboard2D [DEBUG] square_x: 8.0 square_y: 5.0
2024-10-01 09:03:53 Game [DEBUG] next move, active player: CPU, color: BLACK, type: COMPUTER
2024-10-01 09:03:53 Game [DEBUG] next move, active player: tune, color: WHITE, type: LOCAL_USER
2024-10-01 09:03:56 Chessboard2D [DEBUG] square_x: 1.0 square_y: 2.0
2024-10-01 09:03:56 Chessboard [DEBUG] active_x: 1 active_y: 2
2024-10-01 09:04:01 Chessboard2D [DEBUG] square_x: 1.0 square_y: 2.0
2024-10-01 09:04:02 Chessboard2D [DEBUG] square_x: 1.0 square_y: 3.0
2024-10-01 09:04:02 Chessboard [DEBUG] active_x: 1 active_y: 3
2024-10-01 09:04:06 Chessboard2D [DEBUG] square_x: 3.0 square_y: 1.0
2024-10-01 09:04:06 Game [DEBUG] next move, active player: CPU, color: BLACK, type: COMPUTER
2024-10-01 09:04:06 Game [DEBUG] next move, active player: tune, color: WHITE, type: LOCAL_USER
2024-10-01 09:04:08 Chessboard2D [DEBUG] square_x: 1.0 square_y: 2.0
2024-10-01 09:04:08 Chessboard [DEBUG] active_x: 1 active_y: 2
2024-10-01 09:04:15 Chessboard2D [DEBUG] square_x: 5.0 square_y: 6.0
2024-10-01 09:04:15 Game [DEBUG] next move, active player: CPU, color: BLACK, type: COMPUTER
2024-10-01 09:04:15 Game [DEBUG] next move, active player: tune, color: WHITE, type: LOCAL_USER
2024-10-01 09:04:16 Chessboard2D [DEBUG] square_x: 5.0 square_y: 6.0
2024-10-01 09:04:16 Chessboard [DEBUG] active_x: 5 active_y: 6
2024-10-01 09:04:17 Chessboard2D [DEBUG] square_x: 8.0 square_y: 3.0
2024-10-01 09:04:17 Game [DEBUG] next move, active player: CPU, color: BLACK, type: COMPUTER
2024-10-01 09:04:17 Game [DEBUG] next move, active player: tune, color: WHITE, type: LOCAL_USER
2024-10-01 09:04:18 Chessboard2D [DEBUG] square_x: 8.0 square_y: 3.0
2024-10-01 09:04:18 Chessboard [DEBUG] active_x: 8 active_y: 3
2024-10-01 09:04:21 Chessboard2D [DEBUG] square_x: 8.0 square_y: 3.0
2024-10-01 09:04:30 Chessboard2D [DEBUG] square_x: 8.0 square_y: 3.0
2024-10-01 09:04:30 Chessboard [DEBUG] active_x: 8 active_y: 3
2024-10-01 09:04:30 Chessboard2D [DEBUG] square_x: 6.0 square_y: 3.0
2024-10-01 09:04:30 Game [DEBUG] next move, active player: CPU, color: BLACK, type: COMPUTER
2024-10-01 09:04:30 Game [DEBUG] next move, active player: tune, color: WHITE, type: LOCAL_USER
2024-10-01 09:04:32 Chessboard2D [DEBUG] square_x: 8.0 square_y: 5.0
2024-10-01 09:04:32 Chessboard [DEBUG] active_x: 8 active_y: 5
2024-10-01 09:04:33 Chessboard2D [DEBUG] square_x: 8.0 square_y: 1.0
2024-10-01 09:04:33 Game [DEBUG] next move, active player: CPU, color: BLACK, type: COMPUTER
2024-10-01 09:04:33 Game [DEBUG] Checkmate! BLACK player lose!
2024-10-01 09:05:06 GUI [DEBUG] THEME: null
2024-10-01 09:05:34 Settings [DEBUG] Locale: en
2024-10-01 09:05:34 Settings [DEBUG] Locale: en
2024-10-01 09:05:34 Settings [DEBUG] Locale: en
2024-10-01 09:05:34 Settings [DEBUG] Locale: en
2024-10-01 09:05:34 Settings [DEBUG] Locale: en
2024-10-01 09:05:34 Settings [DEBUG] Locale: en
2024-10-01 09:05:34 Settings [DEBUG] Locale: en
2024-10-01 09:05:34 Settings [DEBUG] Locale: en
2024-10-01 09:05:34 Settings [DEBUG] Locale: en
2024-10-01 09:05:34 Settings [DEBUG] Locale: en
2024-10-01 09:05:34 Settings [DEBUG] Locale: en
2024-10-01 09:05:34 Settings [DEBUG] Locale: en
2024-10-01 09:05:34 Settings [DEBUG] Locale: en
2024-10-01 09:05:34 Settings [DEBUG] Locale: en
2024-10-01 09:05:34 Settings [DEBUG] Locale: en
2024-10-01 09:05:34 Settings [DEBUG] Locale: en
2024-10-01 09:05:34 Settings [DEBUG] Locale: en
2024-10-01 09:05:34 Settings [DEBUG] Locale: en
2024-10-01 09:05:34 Settings [DEBUG] Locale: en
2024-10-01 09:05:34 Settings [DEBUG] Locale: en
2024-10-01 09:05:34 Settings [DEBUG] Locale: en
2024-10-01 09:05:34 Settings [DEBUG] Locale: en
2024-10-01 09:05:34 Settings [DEBUG] Locale: en
2024-10-01 09:05:34 Settings [DEBUG] Locale: en
2024-10-01 09:05:37 Settings [DEBUG] Locale: en
2024-10-01 09:05:37 Settings [DEBUG] Locale: en
2024-10-01 09:05:40 Settings [DEBUG] Locale: en
2024-10-01 09:05:40 Settings [DEBUG] Locale: en
2024-10-01 09:05:40 Settings [DEBUG] Locale: en
2024-10-01 09:05:40 Settings [DEBUG] Locale: en
2024-10-01 09:05:40 Settings [DEBUG] Locale: en
2024-10-01 09:05:40 Settings [DEBUG] Locale: en
2024-10-01 09:05:40 Settings [DEBUG] Locale: en
2024-10-01 09:05:40 Settings [DEBUG] Locale: en
2024-10-01 09:05:40 Settings [DEBUG] Locale: en
2024-10-01 09:05:40 Settings [DEBUG] Locale: en
2024-10-01 09:05:40 Settings [DEBUG] Locale: en
2024-10-01 09:05:40 Settings [DEBUG] Locale: en
2024-10-01 09:05:40 Settings [DEBUG] Locale: en
2024-10-01 09:05:40 Settings [DEBUG] Locale: en
2024-10-01 09:05:40 Settings [DEBUG] Locale: en
2024-10-01 09:05:40 Settings [DEBUG] Locale: en
2024-10-01 09:05:40 Settings [DEBUG] Locale: en
2024-10-01 09:05:40 Settings [DEBUG] Locale: en
2024-10-01 09:05:40 Settings [DEBUG] Locale: en
2024-10-01 09:05:40 Settings [DEBUG] Locale: en
2024-10-01 09:05:40 Settings [DEBUG] Locale: en
2024-10-01 09:05:40 Settings [DEBUG] Locale: en
2024-10-01 09:05:40 Settings [DEBUG] Locale: en
2024-10-01 09:05:40 Settings [DEBUG] Locale: en
2024-10-01 09:06:24 Settings [DEBUG] Locale: en
2024-10-01 09:06:24 Settings [DEBUG] Locale: en
2024-10-01 09:06:24 Settings [DEBUG] Locale: en
2024-10-01 09:06:24 Settings [DEBUG] Locale: en
2024-10-01 09:06:24 Settings [DEBUG] Locale: en
2024-10-01 09:06:24 GUI [DEBUG] THEME: null
2024-10-01 09:06:24 GUI [DEBUG] THEME: null
2024-10-01 09:06:24 GUI [DEBUG] THEME: null
2024-10-01 09:06:24 GUI [DEBUG] THEME: null
2024-10-01 09:06:24 GUI [DEBUG] THEME: null
2024-10-01 09:06:24 GUI [DEBUG] THEME: null
2024-10-01 09:06:24 GUI [DEBUG] THEME: null
2024-10-01 09:06:25 GUI [DEBUG] THEME: null
2024-10-01 09:06:25 GUI [DEBUG] THEME: null
2024-10-01 09:06:25 GUI [DEBUG] THEME: null
2024-10-01 09:06:25 GUI [DEBUG] THEME: null
2024-10-01 09:06:25 GUI [DEBUG] THEME: null
2024-10-01 09:06:25 GUI [DEBUG] THEME: null
2024-10-01 09:06:25 GUI [DEBUG] THEME: null
2024-10-01 09:06:25 GUI [DEBUG] THEME: null
2024-10-01 09:06:25 GUI [DEBUG] THEME: null
2024-10-01 09:06:25 GUI [DEBUG] THEME: null
2024-10-01 09:06:25 GUI [DEBUG] THEME: null
2024-10-01 09:06:25 GUI [DEBUG] THEME: null
2024-10-01 09:06:25 GUI [DEBUG] THEME: null
2024-10-01 09:06:25 GUI [DEBUG] THEME: null
2024-10-01 09:06:25 GUI [DEBUG] THEME: null
2024-10-01 09:06:25 GUI [DEBUG] THEME: null
2024-10-01 09:06:25 GUI [DEBUG] THEME: null
2024-10-01 09:06:25 GUI [DEBUG] THEME: null
2024-10-01 09:06:25 GUI [DEBUG] THEME: null
2024-10-01 09:06:25 GUI [DEBUG] THEME: null
2024-10-01 09:06:25 GUI [DEBUG] THEME: null
2024-10-01 09:06:25 GUI [DEBUG] THEME: null
2024-10-01 09:06:25 GUI [DEBUG] THEME: null
2024-10-01 09:06:25 GUI [DEBUG] THEME: null
2024-10-01 09:06:25 GUI [DEBUG] THEME: null
2024-10-01 09:06:25 GUI [DEBUG] THEME: null
2024-10-01 09:06:25 GUI [DEBUG] THEME: null
2024-10-01 09:06:25 GUI [DEBUG] THEME: null
2024-10-01 09:06:25 GUI [DEBUG] THEME: null
2024-10-01 09:06:25 GUI [DEBUG] THEME: null
2024-10-01 09:06:25 GUI [DEBUG] THEME: null
2024-10-01 09:06:25 GUI [DEBUG] THEME: null
2024-10-01 09:06:25 GUI [DEBUG] THEME: null
2024-10-01 09:06:25 GUI [DEBUG] THEME: null
2024-10-01 09:06:25 GUI [DEBUG] THEME: null
2024-10-01 09:06:25 GUI [DEBUG] THEME: null
2024-10-01 09:06:25 GUI [DEBUG] THEME: null
2024-10-01 09:06:25 GUI [DEBUG] THEME: null
2024-10-01 09:06:25 GUI [DEBUG] THEME: null
2024-10-01 09:06:25 GUI [DEBUG] THEME: null
2024-10-01 09:06:25 GUI [DEBUG] THEME: null
2024-10-01 09:06:25 GUI [DEBUG] THEME: null
2024-10-01 09:06:25 GUI [DEBUG] THEME: null
2024-10-01 09:06:25 GUI [DEBUG] THEME: null
2024-10-01 09:06:25 Settings [DEBUG] Locale: en
2024-10-01 09:06:25 Settings [DEBUG] Locale: en
2024-10-01 09:06:25 GameClock [DEBUG] Present number of tabs: 1
2024-10-01 09:06:25 DrawLocalSettings [DEBUG] this.time4Game.getActionCommand(): comboBoxChanged
2024-10-01 09:06:25 DrawLocalSettings [DEBUG] ****************
Starting new game: tun vs. tune
time 4 game: 0
time limit set: false
white on top?: false
****************
2024-10-01 09:06:26 Chessboard2D [DEBUG] square_x: 4.0 square_y: 7.0
2024-10-01 09:06:26 Chessboard [DEBUG] active_x: 4 active_y: 7
2024-10-01 09:06:27 Chessboard2D [DEBUG] square_x: 4.0 square_y: 5.0
2024-10-01 09:06:27 Game [DEBUG] next move, active player: tune, color: BLACK, type: LOCAL_USER
2024-10-01 09:06:28 Chessboard2D [DEBUG] square_x: 5.0 square_y: 2.0
2024-10-01 09:06:28 Chessboard [DEBUG] active_x: 5 active_y: 2
2024-10-01 09:06:30 Chessboard2D [DEBUG] square_x: 7.0 square_y: 1.0
2024-10-01 09:06:30 Chessboard [DEBUG] active_x: 7 active_y: 1
2024-10-01 09:06:31 Chessboard2D [DEBUG] square_x: 6.0 square_y: 3.0
2024-10-01 09:06:31 Game [DEBUG] next move, active player: tun, color: WHITE, type: LOCAL_USER
2024-10-01 09:06:33 Chessboard2D [DEBUG] square_x: 2.0 square_y: 8.0
2024-10-01 09:06:33 Chessboard [DEBUG] active_x: 2 active_y: 8
2024-10-01 09:06:34 Chessboard2D [DEBUG] square_x: 3.0 square_y: 6.0
2024-10-01 09:06:34 Game [DEBUG] next move, active player: tune, color: BLACK, type: LOCAL_USER
2024-10-01 09:06:36 Chessboard2D [DEBUG] square_x: 5.0 square_y: 2.0
2024-10-01 09:06:36 Chessboard [DEBUG] active_x: 5 active_y: 2
2024-10-01 09:06:38 Chessboard2D [DEBUG] square_x: 5.0 square_y: 2.0
2024-10-01 09:06:38 Chessboard2D [DEBUG] square_x: 2.0 square_y: 1.0
2024-10-01 09:06:38 Chessboard [DEBUG] active_x: 2 active_y: 1
2024-10-01 09:06:39 Chessboard2D [DEBUG] square_x: 3.0 square_y: 3.0
2024-10-01 09:06:39 Game [DEBUG] next move, active player: tun, color: WHITE, type: LOCAL_USER
2024-10-01 09:06:49 Chessboard2D [DEBUG] square_x: 7.0 square_y: 8.0
2024-10-01 09:06:49 Chessboard [DEBUG] active_x: 7 active_y: 8
2024-10-01 09:06:50 Chessboard2D [DEBUG] square_x: 7.0 square_y: 8.0
2024-10-01 09:06:50 Chessboard2D [DEBUG] square_x: 7.0 square_y: 8.0
2024-10-01 09:06:50 Chessboard [DEBUG] active_x: 7 active_y: 8
2024-10-01 09:06:50 Chessboard2D [DEBUG] square_x: 7.0 square_y: 8.0
2024-10-01 09:06:51 Chessboard2D [DEBUG] square_x: 5.0 square_y: 7.0
2024-10-01 09:06:51 Chessboard [DEBUG] active_x: 5 active_y: 7
2024-10-01 09:06:52 Chessboard2D [DEBUG] square_x: 5.0 square_y: 4.0
2024-10-01 09:06:52 Chessboard2D [DEBUG] square_x: 5.0 square_y: 5.0
2024-10-01 09:06:52 Game [DEBUG] next move, active player: tune, color: BLACK, type: LOCAL_USER
2024-10-01 09:06:54 Chessboard2D [DEBUG] square_x: 5.0 square_y: 2.0
2024-10-01 09:06:54 Chessboard [DEBUG] active_x: 5 active_y: 2
2024-10-01 09:06:55 Chessboard2D [DEBUG] square_x: 5.0 square_y: 4.0
2024-10-01 09:06:55 Game [DEBUG] next move, active player: tun, color: WHITE, type: LOCAL_USER
2024-10-01 09:06:55 Chessboard2D [DEBUG] square_x: 4.0 square_y: 5.0
2024-10-01 09:06:55 Chessboard [DEBUG] active_x: 4 active_y: 5
2024-10-01 09:06:56 Chessboard2D [DEBUG] square_x: 5.0 square_y: 4.0
2024-10-01 09:06:56 Game [DEBUG] next move, active player: tune, color: BLACK, type: LOCAL_USER
2024-10-01 09:06:57 Chessboard2D [DEBUG] square_x: 3.0 square_y: 3.0
2024-10-01 09:06:57 Chessboard [DEBUG] active_x: 3 active_y: 3
2024-10-01 09:06:57 Chessboard2D [DEBUG] square_x: 5.0 square_y: 4.0
2024-10-01 09:06:57 Game [DEBUG] next move, active player: tun, color: WHITE, type: LOCAL_USER
2024-10-01 09:06:59 Chessboard2D [DEBUG] square_x: 4.0 square_y: 8.0
2024-10-01 09:06:59 Chessboard [DEBUG] active_x: 4 active_y: 8
2024-10-01 09:07:05 Chessboard2D [DEBUG] square_x: 4.0 square_y: 8.0
2024-10-01 09:07:05 Chessboard2D [DEBUG] square_x: 6.0 square_y: 8.0
2024-10-01 09:07:05 Chessboard [DEBUG] active_x: 6 active_y: 8
2024-10-01 09:07:10 Chessboard2D [DEBUG] square_x: 6.0 square_y: 8.0
2024-10-01 09:07:11 Chessboard2D [DEBUG] square_x: 3.0 square_y: 8.0
2024-10-01 09:07:11 Chessboard [DEBUG] active_x: 3 active_y: 8
2024-10-01 09:07:12 Chessboard2D [DEBUG] square_x: 6.0 square_y: 5.0
2024-10-01 09:07:12 Game [DEBUG] next move, active player: tune, color: BLACK, type: LOCAL_USER
2024-10-01 09:07:13 Chessboard2D [DEBUG] square_x: 5.0 square_y: 4.0
2024-10-01 09:07:13 Chessboard [DEBUG] active_x: 5 active_y: 4
2024-10-01 09:07:19 Chessboard2D [DEBUG] square_x: 3.0 square_y: 3.0
2024-10-01 09:07:19 Game [DEBUG] next move, active player: tun, color: WHITE, type: LOCAL_USER
2024-10-01 09:07:20 Chessboard2D [DEBUG] square_x: 6.0 square_y: 5.0
2024-10-01 09:07:20 Chessboard [DEBUG] active_x: 6 active_y: 5
2024-10-01 09:07:20 Chessboard2D [DEBUG] square_x: 6.0 square_y: 5.0
2024-10-01 09:07:21 Chessboard2D [DEBUG] square_x: 3.0 square_y: 6.0
2024-10-01 09:07:21 Chessboard [DEBUG] active_x: 3 active_y: 6
2024-10-01 09:07:25 Chessboard2D [DEBUG] square_x: 2.0 square_y: 4.0
2024-10-01 09:07:25 Game [DEBUG] next move, active player: tune, color: BLACK, type: LOCAL_USER
2024-10-01 09:07:27 Chessboard2D [DEBUG] square_x: 4.0 square_y: 2.0
2024-10-01 09:07:27 Chessboard [DEBUG] active_x: 4 active_y: 2
2024-10-01 09:07:30 Chessboard2D [DEBUG] square_x: 4.0 square_y: 3.0
2024-10-01 09:07:30 Game [DEBUG] next move, active player: tun, color: WHITE, type: LOCAL_USER
2024-10-01 09:07:34 Chessboard2D [DEBUG] square_x: 6.0 square_y: 8.0
2024-10-01 09:07:34 Chessboard [DEBUG] active_x: 6 active_y: 8
2024-10-01 09:07:47 Chessboard2D [DEBUG] square_x: 6.0 square_y: 8.0
2024-10-01 09:07:48 Chessboard2D [DEBUG] square_x: 7.0 square_y: 8.0
2024-10-01 09:07:48 Chessboard [DEBUG] active_x: 7 active_y: 8
2024-10-01 09:07:49 Chessboard2D [DEBUG] square_x: 6.0 square_y: 6.0
2024-10-01 09:07:49 Game [DEBUG] next move, active player: tune, color: BLACK, type: LOCAL_USER
2024-10-01 09:09:02 Chessboard2D [DEBUG] square_x: 6.0 square_y: 6.0
2024-10-01 09:09:03 Chessboard2D [DEBUG] square_x: 6.0 square_y: 2.0
2024-10-01 09:09:03 Chessboard [DEBUG] active_x: 6 active_y: 2
2024-10-01 09:09:04 Chessboard2D [DEBUG] square_x: 6.0 square_y: 3.0
2024-10-01 09:09:04 Chessboard [DEBUG] active_x: 6 active_y: 3
2024-10-01 09:09:17 Chessboard2D [DEBUG] square_x: 6.0 square_y: 3.0
2024-10-01 09:09:18 Chessboard2D [DEBUG] square_x: 6.0 square_y: 3.0
2024-10-01 09:09:18 Chessboard [DEBUG] active_x: 6 active_y: 3
2024-10-01 09:09:29 Chessboard2D [DEBUG] square_x: 5.0 square_y: 5.0
2024-10-01 09:09:29 Game [DEBUG] next move, active player: tun, color: WHITE, type: LOCAL_USER
2024-10-01 09:09:40 Chessboard2D [DEBUG] square_x: 4.0 square_y: 8.0
2024-10-01 09:09:40 Chessboard [DEBUG] active_x: 4 active_y: 8
2024-10-01 09:09:42 Chessboard2D [DEBUG] square_x: 4.0 square_y: 8.0
2024-10-01 09:09:43 Chessboard2D [DEBUG] square_x: 3.0 square_y: 7.0
2024-10-01 09:09:43 Chessboard [DEBUG] active_x: 3 active_y: 7
2024-10-01 09:09:43 Chessboard2D [DEBUG] square_x: 3.0 square_y: 7.0
2024-10-01 09:09:44 Chessboard2D [DEBUG] square_x: 6.0 square_y: 8.0
2024-10-01 09:09:44 Chessboard [DEBUG] active_x: 6 active_y: 8
2024-10-01 09:09:51 Chessboard2D [DEBUG] square_x: 6.0 square_y: 8.0
2024-10-01 09:09:52 Chessboard2D [DEBUG] square_x: 4.0 square_y: 8.0
2024-10-01 09:09:52 Chessboard [DEBUG] active_x: 4 active_y: 8
2024-10-01 09:09:53 Chessboard2D [DEBUG] square_x: 4.0 square_y: 6.0
2024-10-01 09:09:53 Game [DEBUG] next move, active player: tune, color: BLACK, type: LOCAL_USER
2024-10-01 09:09:55 Chessboard2D [DEBUG] square_x: 5.0 square_y: 5.0
2024-10-01 09:09:55 Chessboard [DEBUG] active_x: 5 active_y: 5
2024-10-01 09:10:08 Chessboard2D [DEBUG] square_x: 3.0 square_y: 4.0
2024-10-01 09:10:08 Game [DEBUG] next move, active player: tun, color: WHITE, type: LOCAL_USER
2024-10-01 09:10:09 Chessboard2D [DEBUG] square_x: 4.0 square_y: 6.0
2024-10-01 09:10:09 Chessboard [DEBUG] active_x: 4 active_y: 6
2024-10-01 09:10:22 Chessboard2D [DEBUG] square_x: 4.0 square_y: 6.0
2024-10-01 09:10:23 Chessboard2D [DEBUG] square_x: 6.0 square_y: 5.0
2024-10-01 09:10:23 Chessboard [DEBUG] active_x: 6 active_y: 5
2024-10-01 09:10:24 Chessboard2D [DEBUG] square_x: 6.0 square_y: 5.0
2024-10-01 09:10:25 Chessboard2D [DEBUG] square_x: 4.0 square_y: 6.0
2024-10-01 09:10:25 Chessboard [DEBUG] active_x: 4 active_y: 6
2024-10-01 09:10:29 Chessboard2D [DEBUG] square_x: 3.0 square_y: 5.0
2024-10-01 09:10:29 Game [DEBUG] next move, active player: tune, color: BLACK, type: LOCAL_USER
2024-10-01 09:10:32 Chessboard2D [DEBUG] square_x: 3.0 square_y: 1.0
2024-10-01 09:10:32 Chessboard [DEBUG] active_x: 3 active_y: 1
2024-10-01 09:10:34 Chessboard2D [DEBUG] square_x: 6.0 square_y: 4.0
2024-10-01 09:10:34 Game [DEBUG] next move, active player: tun, color: WHITE, type: LOCAL_USER
2024-10-01 09:10:37 Chessboard2D [DEBUG] square_x: 6.0 square_y: 8.0
2024-10-01 09:10:37 Chessboard [DEBUG] active_x: 6 active_y: 8
2024-10-01 09:10:38 Chessboard2D [DEBUG] square_x: 6.0 square_y: 8.0
2024-10-01 09:10:39 Chessboard2D [DEBUG] square_x: 1.0 square_y: 8.0
2024-10-01 09:10:39 Chessboard [DEBUG] active_x: 1 active_y: 8
2024-10-01 09:10:41 Chessboard2D [DEBUG] square_x: 4.0 square_y: 8.0
2024-10-01 09:10:41 Game [DEBUG] next move, active player: tune, color: BLACK, type: LOCAL_USER
2024-10-01 09:10:43 Chessboard2D [DEBUG] square_x: 6.0 square_y: 4.0
2024-10-01 09:10:43 Chessboard [DEBUG] active_x: 6 active_y: 4
2024-10-01 09:10:44 Chessboard2D [DEBUG] square_x: 6.0 square_y: 4.0
2024-10-01 09:10:44 Chessboard2D [DEBUG] square_x: 6.0 square_y: 4.0
2024-10-01 09:10:44 Chessboard [DEBUG] active_x: 6 active_y: 4
2024-10-01 09:10:44 Chessboard2D [DEBUG] square_x: 6.0 square_y: 4.0
2024-10-01 09:10:45 Chessboard2D [DEBUG] square_x: 3.0 square_y: 3.0
2024-10-01 09:10:45 Chessboard [DEBUG] active_x: 3 active_y: 3
2024-10-01 09:10:51 Chessboard2D [DEBUG] square_x: 5.0 square_y: 4.0
2024-10-01 09:10:51 Game [DEBUG] next move, active player: tun, color: WHITE, type: LOCAL_USER
2024-10-01 09:10:53 Chessboard2D [DEBUG] square_x: 6.0 square_y: 5.0
2024-10-01 09:10:53 Chessboard [DEBUG] active_x: 6 active_y: 5
2024-10-01 09:10:56 Chessboard2D [DEBUG] square_x: 5.0 square_y: 4.0
2024-10-01 09:10:56 Game [DEBUG] next move, active player: tune, color: BLACK, type: LOCAL_USER
2024-10-01 09:10:56 Chessboard2D [DEBUG] square_x: 4.0 square_y: 3.0
2024-10-01 09:10:56 Chessboard [DEBUG] active_x: 4 active_y: 3
2024-10-01 09:10:58 Chessboard2D [DEBUG] square_x: 5.0 square_y: 4.0
2024-10-01 09:10:58 Game [DEBUG] next move, active player: tun, color: WHITE, type: LOCAL_USER
2024-10-01 09:10:59 Chessboard2D [DEBUG] square_x: 6.0 square_y: 6.0
2024-10-01 09:10:59 Chessboard [DEBUG] active_x: 6 active_y: 6
2024-10-01 09:11:00 Chessboard2D [DEBUG] square_x: 5.0 square_y: 4.0
2024-10-01 09:11:00 Game [DEBUG] next move, active player: tune, color: BLACK, type: LOCAL_USER
2024-10-01 09:11:01 Chessboard2D [DEBUG] square_x: 5.0 square_y: 4.0
2024-10-01 09:11:02 Chessboard2D [DEBUG] square_x: 3.0 square_y: 4.0
2024-10-01 09:11:02 Chessboard [DEBUG] active_x: 3 active_y: 4
2024-10-01 09:11:03 Chessboard2D [DEBUG] square_x: 3.0 square_y: 4.0
2024-10-01 09:11:04 Chessboard2D [DEBUG] square_x: 3.0 square_y: 4.0
2024-10-01 09:11:04 Chessboard [DEBUG] active_x: 3 active_y: 4
2024-10-01 09:11:11 Chessboard2D [DEBUG] square_x: 3.0 square_y: 4.0
2024-10-01 09:11:13 Chessboard2D [DEBUG] square_x: 3.0 square_y: 4.0
2024-10-01 09:11:13 Chessboard [DEBUG] active_x: 3 active_y: 4
2024-10-01 09:11:15 Chessboard2D [DEBUG] square_x: 1.0 square_y: 3.0
2024-10-01 09:11:15 Game [DEBUG] next move, active player: tun, color: WHITE, type: LOCAL_USER
2024-10-01 09:11:16 Chessboard2D [DEBUG] square_x: 4.0 square_y: 8.0
2024-10-01 09:11:16 Chessboard [DEBUG] active_x: 4 active_y: 8
2024-10-01 09:11:17 Chessboard2D [DEBUG] square_x: 4.0 square_y: 1.0
2024-10-01 09:11:17 Game [DEBUG] next move, active player: tune, color: BLACK, type: LOCAL_USER
2024-10-01 09:11:19 Chessboard2D [DEBUG] square_x: 3.0 square_y: 5.0
2024-10-01 09:11:23 Chessboard2D [DEBUG] square_x: 5.0 square_y: 4.0
2024-10-01 09:11:24 Chessboard2D [DEBUG] square_x: 5.0 square_y: 1.0
2024-10-01 09:11:24 Chessboard [DEBUG] active_x: 5 active_y: 1
2024-10-01 09:11:24 Chessboard2D [DEBUG] square_x: 4.0 square_y: 1.0
2024-10-01 09:11:24 Game [DEBUG] next move, active player: tun, color: WHITE, type: LOCAL_USER
2024-10-01 09:11:27 Chessboard2D [DEBUG] square_x: 3.0 square_y: 5.0
2024-10-01 09:11:27 Chessboard [DEBUG] active_x: 3 active_y: 5
2024-10-01 09:11:30 Chessboard2D [DEBUG] square_x: 6.0 square_y: 2.0
2024-10-01 09:11:30 Game [DEBUG] next move, active player: tune, color: BLACK, type: LOCAL_USER
2024-10-01 09:11:32 Chessboard2D [DEBUG] square_x: 6.0 square_y: 2.0
2024-10-01 09:11:33 Chessboard2D [DEBUG] square_x: 6.0 square_y: 4.0
2024-10-01 09:11:33 Chessboard [DEBUG] active_x: 6 active_y: 4
2024-10-01 09:11:39 Chessboard2D [DEBUG] square_x: 6.0 square_y: 4.0
2024-10-01 09:11:40 Chessboard2D [DEBUG] square_x: 6.0 square_y: 8.0
2024-10-01 09:11:40 Chessboard2D [DEBUG] square_x: 6.0 square_y: 8.0
2024-10-01 09:11:41 Chessboard2D [DEBUG] square_x: 1.0 square_y: 3.0
2024-10-01 09:11:41 Chessboard [DEBUG] active_x: 1 active_y: 3
2024-10-01 09:11:47 Chessboard2D [DEBUG] square_x: 1.0 square_y: 3.0
2024-10-01 09:11:47 Chessboard2D [DEBUG] square_x: 3.0 square_y: 2.0
2024-10-01 09:11:47 Chessboard [DEBUG] active_x: 3 active_y: 2
2024-10-01 09:11:47 Chessboard2D [DEBUG] square_x: 3.0 square_y: 3.0
2024-10-01 09:11:47 Game [DEBUG] next move, active player: tun, color: WHITE, type: LOCAL_USER
2024-10-01 09:11:49 Chessboard2D [DEBUG] square_x: 6.0 square_y: 2.0
2024-10-01 09:11:49 Chessboard [DEBUG] active_x: 6 active_y: 2
2024-10-01 09:11:50 Chessboard2D [DEBUG] square_x: 6.0 square_y: 4.0
2024-10-01 09:11:50 Game [DEBUG] next move, active player: tune, color: BLACK, type: LOCAL_USER
2024-10-01 09:11:52 Chessboard2D [DEBUG] square_x: 3.0 square_y: 3.0
2024-10-01 09:11:52 Chessboard [DEBUG] active_x: 3 active_y: 3
2024-10-01 09:11:54 Chessboard2D [DEBUG] square_x: 2.0 square_y: 4.0
2024-10-01 09:11:54 Game [DEBUG] next move, active player: tun, color: WHITE, type: LOCAL_USER
2024-10-01 09:11:56 Chessboard2D [DEBUG] square_x: 1.0 square_y: 3.0
2024-10-01 09:11:57 Chessboard2D [DEBUG] square_x: 5.0 square_y: 4.0
2024-10-01 09:11:57 Chessboard [DEBUG] active_x: 5 active_y: 4
2024-10-01 09:12:02 Chessboard2D [DEBUG] square_x: 6.0 square_y: 2.0
2024-10-01 09:12:02 Game [DEBUG] next move, active player: tune, color: BLACK, type: LOCAL_USER
2024-10-01 09:12:04 Chessboard2D [DEBUG] square_x: 4.0 square_y: 1.0
2024-10-01 09:12:04 Chessboard [DEBUG] active_x: 4 active_y: 1
2024-10-01 09:12:07 Chessboard2D [DEBUG] square_x: 5.0 square_y: 2.0
2024-10-01 09:12:07 Game [DEBUG] next move, active player: tun, color: WHITE, type: LOCAL_USER
2024-10-01 09:12:07 Chessboard2D [DEBUG] square_x: 6.0 square_y: 2.0
2024-10-01 09:12:07 Chessboard [DEBUG] active_x: 6 active_y: 2
2024-10-01 09:12:08 Chessboard2D [DEBUG] square_x: 8.0 square_y: 1.0
2024-10-01 09:12:08 Game [DEBUG] next move, active player: tune, color: BLACK, type: LOCAL_USER
2024-10-01 09:12:09 Chessboard2D [DEBUG] square_x: 6.0 square_y: 4.0
2024-10-01 09:12:10 Chessboard2D [DEBUG] square_x: 7.0 square_y: 2.0
2024-10-01 09:12:10 Chessboard [DEBUG] active_x: 7 active_y: 2
2024-10-01 09:12:11 Chessboard2D [DEBUG] square_x: 1.0 square_y: 3.0
2024-10-01 09:12:11 Chessboard [DEBUG] active_x: 1 active_y: 3
2024-10-01 09:12:13 Chessboard2D [DEBUG] square_x: 1.0 square_y: 3.0
2024-10-01 09:12:14 Chessboard2D [DEBUG] square_x: 1.0 square_y: 1.0
2024-10-01 09:12:14 Chessboard [DEBUG] active_x: 1 active_y: 1
2024-10-01 09:12:16 Chessboard2D [DEBUG] square_x: 4.0 square_y: 1.0
2024-10-01 09:12:16 Game [DEBUG] next move, active player: tun, color: WHITE, type: LOCAL_USER
2024-10-01 09:12:17 Chessboard2D [DEBUG] square_x: 6.0 square_y: 4.0
2024-10-01 09:12:17 Chessboard [DEBUG] active_x: 6 active_y: 4
2024-10-01 09:12:25 Chessboard2D [DEBUG] square_x: 2.0 square_y: 4.0
2024-10-01 09:12:25 Game [DEBUG] next move, active player: tune, color: BLACK, type: LOCAL_USER
2024-10-01 09:12:26 Chessboard2D [DEBUG] square_x: 1.0 square_y: 3.0
2024-10-01 09:12:26 Chessboard [DEBUG] active_x: 1 active_y: 3
2024-10-01 09:12:27 Chessboard2D [DEBUG] square_x: 3.0 square_y: 2.0
2024-10-01 09:12:27 Game [DEBUG] next move, active player: tun, color: WHITE, type: LOCAL_USER
2024-10-01 09:12:28 Chessboard2D [DEBUG] square_x: 2.0 square_y: 4.0
2024-10-01 09:12:28 Chessboard [DEBUG] active_x: 2 active_y: 4
2024-10-01 09:12:29 Chessboard2D [DEBUG] square_x: 2.0 square_y: 5.0
2024-10-01 09:12:29 Game [DEBUG] next move, active player: tune, color: BLACK, type: LOCAL_USER
2024-10-01 09:12:32 Chessboard2D [DEBUG] square_x: 3.0 square_y: 2.0
2024-10-01 09:12:32 Chessboard [DEBUG] active_x: 3 active_y: 2
2024-10-01 09:12:32 Chessboard2D [DEBUG] square_x: 3.0 square_y: 2.0
2024-10-01 09:12:33 Chessboard2D [DEBUG] square_x: 5.0 square_y: 2.0
2024-10-01 09:12:33 Chessboard [DEBUG] active_x: 5 active_y: 2
2024-10-01 09:12:35 Chessboard2D [DEBUG] square_x: 5.0 square_y: 1.0
2024-10-01 09:12:35 Game [DEBUG] next move, active player: tun, color: WHITE, type: LOCAL_USER
2024-10-01 09:12:37 Chessboard2D [DEBUG] square_x: 2.0 square_y: 5.0
2024-10-01 09:12:37 Chessboard [DEBUG] active_x: 2 active_y: 5
2024-10-01 09:12:38 Chessboard2D [DEBUG] square_x: 2.0 square_y: 2.0
2024-10-01 09:12:38 Game [DEBUG] next move, active player: tune, color: BLACK, type: LOCAL_USER
2024-10-01 09:12:39 Chessboard2D [DEBUG] square_x: 8.0 square_y: 1.0
2024-10-01 09:12:40 Chessboard2D [DEBUG] square_x: 8.0 square_y: 1.0
2024-10-01 09:12:41 Chessboard2D [DEBUG] square_x: 4.0 square_y: 1.0
2024-10-01 09:12:41 Chessboard [DEBUG] active_x: 4 active_y: 1
2024-10-01 09:12:45 Chessboard2D [DEBUG] square_x: 4.0 square_y: 1.0
2024-10-01 09:12:46 Chessboard2D [DEBUG] square_x: 5.0 square_y: 1.0
2024-10-01 09:12:46 Chessboard [DEBUG] active_x: 5 active_y: 1
2024-10-01 09:12:47 Chessboard2D [DEBUG] square_x: 4.0 square_y: 2.0
2024-10-01 09:12:47 Game [DEBUG] next move, active player: tun, color: WHITE, type: LOCAL_USER
2024-10-01 09:12:48 Chessboard2D [DEBUG] square_x: 2.0 square_y: 2.0
2024-10-01 09:12:48 Chessboard [DEBUG] active_x: 2 active_y: 2
2024-10-01 09:12:48 Chessboard2D [DEBUG] square_x: 1.0 square_y: 2.0
2024-10-01 09:12:48 Game [DEBUG] next move, active player: tune, color: BLACK, type: LOCAL_USER
2024-10-01 09:12:49 Chessboard2D [DEBUG] square_x: 1.0 square_y: 2.0
2024-10-01 09:12:50 Chessboard2D [DEBUG] square_x: 6.0 square_y: 1.0
2024-10-01 09:12:50 Chessboard [DEBUG] active_x: 6 active_y: 1
2024-10-01 09:12:53 Chessboard2D [DEBUG] square_x: 6.0 square_y: 1.0
2024-10-01 09:12:54 Chessboard2D [DEBUG] square_x: 4.0 square_y: 1.0
2024-10-01 09:12:54 Chessboard [DEBUG] active_x: 4 active_y: 1
2024-10-01 09:12:56 Chessboard2D [DEBUG] square_x: 3.0 square_y: 2.0
2024-10-01 09:12:56 Chessboard [DEBUG] active_x: 3 active_y: 2
2024-10-01 09:12:57 Chessboard2D [DEBUG] square_x: 4.0 square_y: 2.0
2024-10-01 09:12:57 Chessboard [DEBUG] active_x: 4 active_y: 2
2024-10-01 09:12:58 Chessboard2D [DEBUG] square_x: 4.0 square_y: 2.0
2024-10-01 09:12:59 Chessboard2D [DEBUG] square_x: 7.0 square_y: 2.0
2024-10-01 09:12:59 Chessboard [DEBUG] active_x: 7 active_y: 2
2024-10-01 09:12:59 Chessboard2D [DEBUG] square_x: 7.0 square_y: 4.0
2024-10-01 09:12:59 Game [DEBUG] next move, active player: tun, color: WHITE, type: LOCAL_USER
2024-10-01 09:13:00 Chessboard2D [DEBUG] square_x: 8.0 square_y: 1.0
2024-10-01 09:13:00 Chessboard [DEBUG] active_x: 8 active_y: 1
2024-10-01 09:13:04 Chessboard2D [DEBUG] square_x: 6.0 square_y: 2.0
2024-10-01 09:13:04 Game [DEBUG] next move, active player: tune, color: BLACK, type: LOCAL_USER
2024-10-01 09:13:05 Chessboard2D [DEBUG] square_x: 4.0 square_y: 1.0
2024-10-01 09:13:05 Chessboard [DEBUG] active_x: 4 active_y: 1
2024-10-01 09:13:08 Chessboard2D [DEBUG] square_x: 5.0 square_y: 1.0
2024-10-01 09:13:08 Game [DEBUG] next move, active player: tun, color: WHITE, type: LOCAL_USER
2024-10-01 09:13:10 Chessboard2D [DEBUG] square_x: 6.0 square_y: 8.0
2024-10-01 09:13:10 Chessboard [DEBUG] active_x: 6 active_y: 8
2024-10-01 09:13:10 Chessboard2D [DEBUG] square_x: 5.0 square_y: 7.0
2024-10-01 09:13:10 Game [DEBUG] next move, active player: tune, color: BLACK, type: LOCAL_USER
2024-10-01 09:13:11 Chessboard2D [DEBUG] square_x: 6.0 square_y: 2.0
2024-10-01 09:13:12 Chessboard2D [DEBUG] square_x: 5.0 square_y: 1.0
2024-10-01 09:13:12 Chessboard [DEBUG] active_x: 5 active_y: 1
2024-10-01 09:13:16 Chessboard2D [DEBUG] square_x: 5.0 square_y: 1.0
2024-10-01 09:13:17 Chessboard2D [DEBUG] square_x: 3.0 square_y: 2.0
2024-10-01 09:13:17 Chessboard [DEBUG] active_x: 3 active_y: 2
2024-10-01 09:13:18 Chessboard2D [DEBUG] square_x: 5.0 square_y: 1.0
2024-10-01 09:13:18 Chessboard [DEBUG] active_x: 5 active_y: 1
2024-10-01 09:13:18 Chessboard2D [DEBUG] square_x: 5.0 square_y: 1.0
2024-10-01 09:13:19 Chessboard2D [DEBUG] square_x: 6.0 square_y: 1.0
2024-10-01 09:13:19 Chessboard [DEBUG] active_x: 6 active_y: 1
2024-10-01 09:13:27 Chessboard2D [DEBUG] square_x: 3.0 square_y: 4.0
2024-10-01 09:13:27 Game [DEBUG] next move, active player: tun, color: WHITE, type: LOCAL_USER
2024-10-01 09:13:28 Chessboard2D [DEBUG] square_x: 1.0 square_y: 2.0
2024-10-01 09:13:28 Chessboard [DEBUG] active_x: 1 active_y: 2
2024-10-01 09:13:31 Chessboard2D [DEBUG] square_x: 3.0 square_y: 4.0
2024-10-01 09:13:31 Game [DEBUG] next move, active player: tune, color: BLACK, type: LOCAL_USER
2024-10-01 09:13:32 Chessboard2D [DEBUG] square_x: 5.0 square_y: 1.0
2024-10-01 09:13:32 Chessboard [DEBUG] active_x: 5 active_y: 1
2024-10-01 09:13:34 Chessboard2D [DEBUG] square_x: 5.0 square_y: 1.0
2024-10-01 09:13:35 Chessboard2D [DEBUG] square_x: 6.0 square_y: 2.0
2024-10-01 09:13:35 Chessboard2D [DEBUG] square_x: 4.0 square_y: 2.0
2024-10-01 09:13:35 Chessboard [DEBUG] active_x: 4 active_y: 2
2024-10-01 09:13:36 Chessboard2D [DEBUG] square_x: 5.0 square_y: 2.0
2024-10-01 09:13:38 Chessboard2D [DEBUG] square_x: 3.0 square_y: 2.0
2024-10-01 09:13:38 Chessboard [DEBUG] active_x: 3 active_y: 2
2024-10-01 09:13:39 Chessboard2D [DEBUG] square_x: 4.0 square_y: 2.0
2024-10-01 09:13:39 Chessboard [DEBUG] active_x: 4 active_y: 2
2024-10-01 09:13:41 Chessboard2D [DEBUG] square_x: 5.0 square_y: 3.0
2024-10-01 09:13:41 Game [DEBUG] next move, active player: tun, color: WHITE, type: LOCAL_USER
2024-10-01 09:13:41 Chessboard2D [DEBUG] square_x: 5.0 square_y: 1.0
2024-10-01 09:13:42 Chessboard2D [DEBUG] square_x: 3.0 square_y: 4.0
2024-10-01 09:13:42 Chessboard [DEBUG] active_x: 3 active_y: 4
2024-10-01 09:13:44 Chessboard2D [DEBUG] square_x: 3.0 square_y: 2.0
2024-10-01 09:13:44 Game [DEBUG] next move, active player: tune, color: BLACK, type: LOCAL_USER
2024-10-01 09:13:45 Chessboard2D [DEBUG] square_x: 3.0 square_y: 2.0
2024-10-01 09:13:46 Chessboard2D [DEBUG] square_x: 6.0 square_y: 2.0
2024-10-01 09:13:46 Chessboard2D [DEBUG] square_x: 5.0 square_y: 3.0
2024-10-01 09:13:46 Chessboard [DEBUG] active_x: 5 active_y: 3
2024-10-01 09:13:48 Chessboard2D [DEBUG] square_x: 6.0 square_y: 3.0
2024-10-01 09:13:48 Game [DEBUG] next move, active player: tun, color: WHITE, type: LOCAL_USER
2024-10-01 09:13:48 Chessboard2D [DEBUG] square_x: 3.0 square_y: 2.0
2024-10-01 09:13:48 Chessboard [DEBUG] active_x: 3 active_y: 2
2024-10-01 09:13:51 Chessboard2D [DEBUG] square_x: 5.0 square_y: 4.0
2024-10-01 09:13:51 Game [DEBUG] next move, active player: tune, color: BLACK, type: LOCAL_USER
2024-10-01 09:13:51 Chessboard2D [DEBUG] square_x: 6.0 square_y: 3.0
2024-10-01 09:13:51 Chessboard [DEBUG] active_x: 6 active_y: 3
2024-10-01 09:13:54 Chessboard2D [DEBUG] square_x: 6.0 square_y: 2.0
2024-10-01 09:13:54 Game [DEBUG] next move, active player: tun, color: WHITE, type: LOCAL_USER
2024-10-01 09:13:55 Chessboard2D [DEBUG] square_x: 5.0 square_y: 4.0
2024-10-01 09:13:55 Chessboard [DEBUG] active_x: 5 active_y: 4
2024-10-01 09:13:58 Chessboard2D [DEBUG] square_x: 5.0 square_y: 4.0
2024-10-01 09:13:59 Chessboard2D [DEBUG] square_x: 5.0 square_y: 7.0
2024-10-01 09:13:59 Chessboard [DEBUG] active_x: 5 active_y: 7
2024-10-01 09:14:02 Chessboard2D [DEBUG] square_x: 3.0 square_y: 5.0
2024-10-01 09:14:02 Game [DEBUG] next move, active player: tune, color: BLACK, type: LOCAL_USER
2024-10-01 09:14:02 Chessboard2D [DEBUG] square_x: 6.0 square_y: 2.0
2024-10-01 09:14:02 Chessboard [DEBUG] active_x: 6 active_y: 2
2024-10-01 09:14:05 Chessboard2D [DEBUG] square_x: 6.0 square_y: 1.0
2024-10-01 09:14:05 Game [DEBUG] next move, active player: tun, color: WHITE, type: LOCAL_USER
2024-10-01 09:14:06 Chessboard2D [DEBUG] square_x: 5.0 square_y: 4.0
2024-10-01 09:14:06 Chessboard [DEBUG] active_x: 5 active_y: 4
2024-10-01 09:14:09 Chessboard2D [DEBUG] square_x: 5.0 square_y: 4.0
2024-10-01 09:14:10 Chessboard2D [DEBUG] square_x: 8.0 square_y: 8.0
2024-10-01 09:14:10 Chessboard [DEBUG] active_x: 8 active_y: 8
2024-10-01 09:14:13 Chessboard2D [DEBUG] square_x: 8.0 square_y: 8.0
2024-10-01 09:14:13 Chessboard2D [DEBUG] square_x: 5.0 square_y: 4.0
2024-10-01 09:14:13 Chessboard [DEBUG] active_x: 5 active_y: 4
2024-10-01 09:14:16 Chessboard2D [DEBUG] square_x: 5.0 square_y: 1.0
2024-10-01 09:14:16 Game [DEBUG] next move, active player: tune, color: BLACK, type: LOCAL_USER
2024-10-01 09:14:17 Chessboard2D [DEBUG] square_x: 6.0 square_y: 1.0
2024-10-01 09:14:17 Chessboard [DEBUG] active_x: 6 active_y: 1
2024-10-01 09:14:17 Chessboard2D [DEBUG] square_x: 5.0 square_y: 1.0
2024-10-01 09:14:17 Game [DEBUG] next move, active player: tun, color: WHITE, type: LOCAL_USER
2024-10-01 09:14:18 Chessboard2D [DEBUG] square_x: 2.0 square_y: 7.0
2024-10-01 09:14:18 Chessboard [DEBUG] active_x: 2 active_y: 7
2024-10-01 09:14:19 Chessboard2D [DEBUG] square_x: 2.0 square_y: 5.0
2024-10-01 09:14:19 Game [DEBUG] next move, active player: tune, color: BLACK, type: LOCAL_USER
2024-10-01 09:14:21 Chessboard2D [DEBUG] square_x: 7.0 square_y: 4.0
2024-10-01 09:14:21 Chessboard [DEBUG] active_x: 7 active_y: 4
2024-10-01 09:14:21 Chessboard2D [DEBUG] square_x: 7.0 square_y: 5.0
2024-10-01 09:14:21 Game [DEBUG] next move, active player: tun, color: WHITE, type: LOCAL_USER
2024-10-01 09:14:22 Chessboard2D [DEBUG] square_x: 2.0 square_y: 5.0
2024-10-01 09:14:22 Chessboard [DEBUG] active_x: 2 active_y: 5
2024-10-01 09:14:22 Chessboard2D [DEBUG] square_x: 2.0 square_y: 4.0
2024-10-01 09:14:22 Game [DEBUG] next move, active player: tune, color: BLACK, type: LOCAL_USER
2024-10-01 09:14:23 Chessboard2D [DEBUG] square_x: 8.0 square_y: 2.0
2024-10-01 09:14:23 Chessboard [DEBUG] active_x: 8 active_y: 2
2024-10-01 09:14:23 Chessboard2D [DEBUG] square_x: 8.0 square_y: 4.0
2024-10-01 09:14:23 Game [DEBUG] next move, active player: tun, color: WHITE, type: LOCAL_USER
2024-10-01 09:14:26 Chessboard2D [DEBUG] square_x: 3.0 square_y: 5.0
2024-10-01 09:14:26 Chessboard [DEBUG] active_x: 3 active_y: 5
2024-10-01 09:14:32 Chessboard2D [DEBUG] square_x: 5.0 square_y: 3.0
2024-10-01 09:14:32 Game [DEBUG] next move, active player: tune, color: BLACK, type: LOCAL_USER
2024-10-01 09:14:33 Chessboard2D [DEBUG] square_x: 5.0 square_y: 1.0
2024-10-01 09:14:33 Chessboard [DEBUG] active_x: 5 active_y: 1
2024-10-01 09:14:34 Chessboard2D [DEBUG] square_x: 5.0 square_y: 2.0
2024-10-01 09:14:34 Game [DEBUG] next move, active player: tun, color: WHITE, type: LOCAL_USER
2024-10-01 09:14:35 Chessboard2D [DEBUG] square_x: 5.0 square_y: 3.0
2024-10-01 09:14:35 Chessboard [DEBUG] active_x: 5 active_y: 3
2024-10-01 09:14:39 Chessboard2D [DEBUG] square_x: 6.0 square_y: 4.0
2024-10-01 09:14:39 Game [DEBUG] next move, active player: tune, color: BLACK, type: LOCAL_USER
2024-10-01 09:14:41 Chessboard2D [DEBUG] square_x: 8.0 square_y: 4.0
2024-10-01 09:14:41 Chessboard [DEBUG] active_x: 8 active_y: 4
2024-10-01 09:14:41 Chessboard2D [DEBUG] square_x: 8.0 square_y: 5.0
2024-10-01 09:14:41 Game [DEBUG] next move, active player: tun, color: WHITE, type: LOCAL_USER
2024-10-01 09:14:42 Chessboard2D [DEBUG] square_x: 2.0 square_y: 4.0
2024-10-01 09:14:42 Chessboard [DEBUG] active_x: 2 active_y: 4
2024-10-01 09:14:42 Chessboard2D [DEBUG] square_x: 2.0 square_y: 3.0
2024-10-01 09:14:42 Game [DEBUG] next move, active player: tune, color: BLACK, type: LOCAL_USER
2024-10-01 09:14:43 Chessboard2D [DEBUG] square_x: 7.0 square_y: 5.0
2024-10-01 09:14:43 Chessboard [DEBUG] active_x: 7 active_y: 5
2024-10-01 09:14:44 Chessboard2D [DEBUG] square_x: 7.0 square_y: 6.0
2024-10-01 09:14:44 Game [DEBUG] next move, active player: tun, color: WHITE, type: LOCAL_USER
2024-10-01 09:14:45 Chessboard2D [DEBUG] square_x: 8.0 square_y: 7.0
2024-10-01 09:14:45 Chessboard [DEBUG] active_x: 8 active_y: 7
2024-10-01 09:14:45 Chessboard2D [DEBUG] square_x: 7.0 square_y: 6.0
2024-10-01 09:14:45 Game [DEBUG] next move, active player: tune, color: BLACK, type: LOCAL_USER
2024-10-01 09:14:46 Chessboard2D [DEBUG] square_x: 8.0 square_y: 5.0
2024-10-01 09:14:46 Chessboard [DEBUG] active_x: 8 active_y: 5
2024-10-01 09:14:47 Chessboard2D [DEBUG] square_x: 7.0 square_y: 6.0
2024-10-01 09:14:47 Game [DEBUG] next move, active player: tun, color: WHITE, type: LOCAL_USER
2024-10-01 09:14:48 Chessboard2D [DEBUG] square_x: 8.0 square_y: 8.0
2024-10-01 09:14:48 Chessboard [DEBUG] active_x: 8 active_y: 8
2024-10-01 09:14:48 Chessboard2D [DEBUG] square_x: 8.0 square_y: 2.0
2024-10-01 09:14:48 Game [DEBUG] next move, active player: tune, color: BLACK, type: LOCAL_USER
2024-10-01 09:14:49 Chessboard2D [DEBUG] square_x: 5.0 square_y: 2.0
2024-10-01 09:14:49 Chessboard [DEBUG] active_x: 5 active_y: 2
2024-10-01 09:14:50 Chessboard2D [DEBUG] square_x: 6.0 square_y: 3.0
2024-10-01 09:14:50 Game [DEBUG] next move, active player: tun, color: WHITE, type: LOCAL_USER
2024-10-01 09:14:51 Chessboard2D [DEBUG] square_x: 6.0 square_y: 4.0
2024-10-01 09:14:51 Chessboard [DEBUG] active_x: 6 active_y: 4
2024-10-01 09:14:52 Chessboard2D [DEBUG] square_x: 8.0 square_y: 6.0
2024-10-01 09:14:52 Game [DEBUG] next move, active player: tune, color: BLACK, type: LOCAL_USER
2024-10-01 09:14:53 Chessboard2D [DEBUG] square_x: 2.0 square_y: 3.0
2024-10-01 09:14:53 Chessboard2D [DEBUG] square_x: 2.0 square_y: 3.0
2024-10-01 09:14:54 Chessboard2D [DEBUG] square_x: 7.0 square_y: 6.0
2024-10-01 09:14:54 Chessboard [DEBUG] active_x: 7 active_y: 6
2024-10-01 09:14:55 Chessboard2D [DEBUG] square_x: 6.0 square_y: 7.0
2024-10-01 09:14:55 Game [DEBUG] next move, active player: tun, color: WHITE, type: LOCAL_USER
2024-10-01 09:14:56 Chessboard2D [DEBUG] square_x: 5.0 square_y: 8.0
2024-10-01 09:14:56 Chessboard [DEBUG] active_x: 5 active_y: 8
2024-10-01 09:14:58 Chessboard2D [DEBUG] square_x: 6.0 square_y: 7.0
2024-10-01 09:14:58 Game [DEBUG] next move, active player: tune, color: BLACK, type: LOCAL_USER
2024-10-01 09:14:58 Chessboard2D [DEBUG] square_x: 2.0 square_y: 3.0
2024-10-01 09:14:59 Chessboard2D [DEBUG] square_x: 2.0 square_y: 3.0
2024-10-01 09:15:00 Chessboard2D [DEBUG] square_x: 6.0 square_y: 3.0
2024-10-01 09:15:00 Chessboard [DEBUG] active_x: 6 active_y: 3
2024-10-01 09:15:00 Chessboard2D [DEBUG] square_x: 5.0 square_y: 4.0
2024-10-01 09:15:00 Game [DEBUG] next move, active player: tun, color: WHITE, type: LOCAL_USER
2024-10-01 09:15:01 Chessboard2D [DEBUG] square_x: 2.0 square_y: 3.0
2024-10-01 09:15:01 Chessboard [DEBUG] active_x: 2 active_y: 3
2024-10-01 09:15:01 Chessboard2D [DEBUG] square_x: 2.0 square_y: 2.0
2024-10-01 09:15:01 Game [DEBUG] next move, active player: tune, color: BLACK, type: LOCAL_USER
2024-10-01 09:15:02 Chessboard2D [DEBUG] square_x: 5.0 square_y: 4.0
2024-10-01 09:15:02 Chessboard [DEBUG] active_x: 5 active_y: 4
2024-10-01 09:15:03 Chessboard2D [DEBUG] square_x: 4.0 square_y: 3.0
2024-10-01 09:15:03 Game [DEBUG] next move, active player: tun, color: WHITE, type: LOCAL_USER
2024-10-01 09:15:03 Chessboard2D [DEBUG] square_x: 2.0 square_y: 2.0
2024-10-01 09:15:03 Chessboard [DEBUG] active_x: 2 active_y: 2
2024-10-01 09:15:03 Chessboard2D [DEBUG] square_x: 2.0 square_y: 1.0
2024-10-01 09:15:03 GUI [DEBUG] THEME: null
2024-10-01 09:15:03 GUI [DEBUG] THEME: null
2024-10-01 09:15:03 GUI [DEBUG] THEME: null
2024-10-01 09:15:03 GUI [DEBUG] THEME: null
2024-10-01 09:15:03 GUI [DEBUG] THEME: null
2024-10-01 09:15:03 GUI [DEBUG] THEME: null
2024-10-01 09:15:03 GUI [DEBUG] THEME: null
2024-10-01 09:15:03 GUI [DEBUG] THEME: null
2024-10-01 09:15:04 Game [DEBUG] next move, active player: tune, color: BLACK, type: LOCAL_USER
2024-10-01 09:15:05 Chessboard2D [DEBUG] square_x: 2.0 square_y: 1.0
2024-10-01 09:15:06 Chessboard2D [DEBUG] square_x: 4.0 square_y: 3.0
2024-10-01 09:15:06 Chessboard [DEBUG] active_x: 4 active_y: 3
2024-10-01 09:15:06 Chessboard2D [DEBUG] square_x: 3.0 square_y: 3.0
2024-10-01 09:15:06 Game [DEBUG] next move, active player: tun, color: WHITE, type: LOCAL_USER
2024-10-01 09:15:07 Chessboard2D [DEBUG] square_x: 8.0 square_y: 2.0
2024-10-01 09:15:07 Chessboard [DEBUG] active_x: 8 active_y: 2
2024-10-01 09:15:08 Chessboard2D [DEBUG] square_x: 8.0 square_y: 4.0
2024-10-01 09:15:08 Game [DEBUG] next move, active player: tune, color: BLACK, type: LOCAL_USER
2024-10-01 09:15:08 Game [DEBUG] Stalemate! Draw!
